<?xml version="1.0" encoding="UTF-8"?>
<!-- Generated by org.testng.reporters.JUnitReportReporter -->
<testsuite hostname="Наташа-HP" name="com.example.tests.GroupRemovalTests" tests="1" failures="0" timestamp="15 Oct 2015 22:11:46 GMT" time="24.498" errors="0">
  <testcase name="deleteSomeGroup" time="24.498" classname="com.example.tests.GroupRemovalTests"/>
</testsuite> <!-- com.example.tests.GroupRemovalTests -->
