<?xml version="1.0" encoding="UTF-8"?>
<!-- Generated by org.testng.reporters.JUnitReportReporter -->
<testsuite hostname="Наташа-HP" name="com.example.tests.GroupCreation" tests="5" failures="0" timestamp="6 Sep 2015 18:36:41 GMT" time="18.932" errors="0">
  <testcase name="testGroupCreationWithValidData" time="3.178" classname="com.example.tests.GroupCreation"/>
  <testcase name="testGroupCreationWithValidData" time="4.759" classname="com.example.tests.GroupCreation"/>
  <testcase name="testGroupCreationWithValidData" time="3.172" classname="com.example.tests.GroupCreation"/>
  <testcase name="testGroupCreationWithValidData" time="3.594" classname="com.example.tests.GroupCreation"/>
  <testcase name="testGroupCreationWithValidData" time="4.229" classname="com.example.tests.GroupCreation"/>
</testsuite> <!-- com.example.tests.GroupCreation -->
