<?xml version="1.0" encoding="UTF-8"?>
<!-- Generated by org.testng.reporters.JUnitReportReporter -->
<testsuite hostname="Наташа-HP" name="com.example.tests.ContactCreation" tests="1" failures="0" timestamp="16 Oct 2015 11:55:16 GMT" time="30.989" errors="0">
  <testcase name="contactCreationWithValidData" time="30.989" classname="com.example.tests.ContactCreation"/>
</testsuite> <!-- com.example.tests.ContactCreation -->
