<?xml version="1.0" encoding="UTF-8"?>
<!-- Generated by org.testng.reporters.JUnitReportReporter -->
<testsuite hostname="Наташа-HP" name="com.example.tests.GroupCreation" tests="2" failures="0" timestamp="16 Oct 2015 11:18:58 GMT" time="16.721" errors="0">
  <testcase name="testGroupCreationWithValidData" time="14.310" classname="com.example.tests.GroupCreation"/>
  <testcase name="testGroupCreationWithValidData" time="2.411" classname="com.example.tests.GroupCreation"/>
</testsuite> <!-- com.example.tests.GroupCreation -->
