<?xml version="1.0" encoding="UTF-8"?>
<!-- Generated by org.testng.reporters.JUnitReportReporter -->
<testsuite hostname="Наташа-HP" name="com.example.tests.GroupModificationTests" tests="2" failures="0" timestamp="16 Oct 2015 11:01:55 GMT" time="28.570" errors="0">
  <testcase name="modifySomeGroup" time="7.676" classname="com.example.tests.GroupModificationTests"/>
  <testcase name="modifySomeGroup" time="20.894" classname="com.example.tests.GroupModificationTests"/>
</testsuite> <!-- com.example.tests.GroupModificationTests -->
