<?xml version="1.0" encoding="UTF-8"?>
<!-- Generated by org.testng.reporters.JUnitReportReporter -->
<testsuite hostname="Наташа-HP" name="com.example.tests.GroupModificationTests" tests="5" failures="0" timestamp="6 Sep 2015 09:24:49 GMT" time="15.930" errors="0">
  <testcase name="modifySomeGroup" time="2.872" classname="com.example.tests.GroupModificationTests"/>
  <testcase name="modifySomeGroup" time="2.907" classname="com.example.tests.GroupModificationTests"/>
  <testcase name="modifySomeGroup" time="2.690" classname="com.example.tests.GroupModificationTests"/>
  <testcase name="modifySomeGroup" time="3.827" classname="com.example.tests.GroupModificationTests"/>
  <testcase name="modifySomeGroup" time="3.634" classname="com.example.tests.GroupModificationTests"/>
</testsuite> <!-- com.example.tests.GroupModificationTests -->
