<?xml version="1.0" encoding="UTF-8"?>
<!-- Generated by org.testng.reporters.JUnitReportReporter -->
<testsuite hostname="Наташа-HP" name="com.example.tests.GroupRemovalTests" tests="1" failures="0" timestamp="16 Oct 2015 11:08:02 GMT" time="20.075" errors="0">
  <testcase name="deleteSomeGroup" time="20.075" classname="com.example.tests.GroupRemovalTests"/>
</testsuite> <!-- com.example.tests.GroupRemovalTests -->
