<?xml version="1.0" encoding="UTF-8"?>
<!-- Generated by org.testng.reporters.JUnitReportReporter -->
<testsuite hostname="Наташа-HP" name="com.example.tests.GroupCreation" tests="2" failures="0" timestamp="15 Oct 2015 22:49:13 GMT" time="18.081" errors="2">
  <testcase name="testGroupCreationWithValidData" time="15.899" classname="com.example.tests.GroupCreation">
    <error type="java.lang.AssertionError" message="
Expected: &lt;[GroupData [groupname=, header=, footer=], GroupData [groupname=, header=, footer=], GroupData [groupname=, header=test-7696145, footer=test1281546105], GroupData [groupname=, header=test-28933568, footer=test796209157], GroupData [groupname=, header=test1977153512, footer=test-282390619], GroupData [groupname=, header=test766007947, footer=test1463959822], GroupData [groupname=, header=test-869467770, footer=test-3394598], GroupData [groupname=, header=, footer=test-1605759156], GroupData [groupname=, header=test-127327364, footer=test-798428747], GroupData [groupname=, header=test254720562, footer=test1303111178], GroupData [groupname=, header=, footer=test-374812861], GroupData [groupname=, header=test-1163035059, footer=test-1659132907], GroupData [groupname=, header=test-1134162023, footer=test325688655], GroupData [groupname=, header=test-2094064914, footer=test-1733656698], GroupData [groupname=, header=, footer=], GroupData [groupname=, header=, footer=], GroupData [groupname=, header=test1522834217
    test
    test
    test, footer=test1658245757
    test
    test
    test], GroupData [groupname=, header=, footer=], GroupData [groupname=, header=, footer=], GroupData [groupname=, header=test1522834217
    test
    test
    test, footer=test1658245757
    test
    test
    test], GroupData [groupname=, header=, footer=], GroupData [groupname=, header=test1522834217
    test
    test
    test, footer=test1658245757
    test
    test
    test], GroupData [groupname=, header=, footer=], GroupData [groupname=, header=test1522834217
    test
    test
    test, footer=test1658245757
    test
    test
    test], GroupData [groupname=, header=, footer=], GroupData [groupname=, header=test1522834217
    test
    test
    test, footer=test1658245757
    test
    test
    test], GroupData [groupname=, header=, footer=], GroupData [groupname=, header=test1522834217
    test
    test
    test, footer=test1658245757
    test
    test
    test], GroupData [groupname=, header=test1522834217
    test
    test
    test, footer=test1658245757
    test
    test
    test], GroupData [groupname=, header=, footer=], GroupData [groupname=, header=test1522834217
    test
    test
    test, footer=test1658245757
    test
    test
    test], GroupData [groupname=, header=, footer=], GroupData [groupname=, header=test1522834217
    test
    test
    test, footer=test1658245757
    test
    test
    test], GroupData [groupname=, header=test1192129799, footer=test-443108419], GroupData [groupname=, header=test1192129799, footer=test-443108419], GroupData [groupname=, header=test1192129799, footer=test-443108419], GroupData [groupname=, header=test1192129799, footer=test-443108419], GroupData [groupname=, header=test1192129799, footer=test-443108419], GroupData [groupname=, header=test1192129799, footer=test-443108419], GroupData [groupname=, header=test1192129799, footer=test-443108419], GroupData [groupname=, header=test1192129799, footer=test-443108419], GroupData [groupname=test-1117940062, header=test172594901, footer=], GroupData [groupname=test-1123208261, header=test-557351186, footer=], GroupData [groupname=test-1123208261, header=test-557351186, footer=], GroupData [groupname=test-1123208261, header=test-557351186, footer=], GroupData [groupname=test-1123208261, header=test-557351186, footer=], GroupData [groupname=test-1123208261, header=test-557351186, footer=], GroupData [groupname=test-1123208261, header=test-557351186, footer=], GroupData [groupname=test-1123208261, header=test-557351186, footer=], GroupData [groupname=test-1123208261, header=test-557351186, footer=], GroupData [groupname=test-1128990657, header=, footer=], GroupData [groupname=test-1207430305, header=, footer=test-1199068333], GroupData [groupname=test-1207430305, header=, footer=test-1199068333], GroupData [groupname=test-1207430305, header=, footer=test-1199068333], GroupData [groupname=test-1207430305, header=, footer=test-1199068333], GroupData [groupname=test-1207430305, header=, footer=test-1199068333], GroupData [groupname=test-1207430305, header=, footer=test-1199068333], GroupData [groupname=test-1207430305, header=, footer=test-1199068333], GroupData [groupname=test-1207430305, header=, footer=test-1199068333], GroupData [groupname=test-1207430305, header=, footer=test-1199068333], GroupData [groupname=test-1207430305, header=, footer=test-1199068333], GroupData [groupname=test-1207430305, header=, footer=test-1199068333], GroupData [groupname=test-1207430305, header=, footer=test-1199068333], GroupData [groupname=test-1207430305, header=, footer=test-1199068333], GroupData [groupname=test-1207430305, header=, footer=test-1199068333], GroupData [groupname=test-1300029369, header=, footer=], GroupData [groupname=test-1384737610, header=, footer=test-702403403], GroupData [groupname=test-1384737610, header=, footer=test-702403403], GroupData [groupname=test-1384737610, header=, footer=test-702403403], GroupData [groupname=test-1384737610, header=, footer=test-702403403], GroupData [groupname=test-1384737610, header=, footer=test-702403403], GroupData [groupname=test-1384737610, header=, footer=test-702403403], GroupData [groupname=test-1384737610, header=, footer=test-702403403], GroupData [groupname=test-1384737610, header=, footer=test-702403403], GroupData [groupname=test-1408550444, header=, footer=], GroupData [groupname=test-1436371317, header=test-1045760595, footer=test30087163], GroupData [groupname=test-1437594474, header=, footer=test723868386], GroupData [groupname=test-1566963553, header=, footer=], GroupData [groupname=test-1573929601, header=test1515956214, footer=], GroupData [groupname=test-1637551179, header=test1453195656, footer=test-2129281770], GroupData [groupname=test-1637551179, header=test1453195656, footer=test-2129281770], GroupData [groupname=test-1637551179, header=test1453195656, footer=test-2129281770], GroupData [groupname=test-1637551179, header=test1453195656, footer=test-2129281770], GroupData [groupname=test-1637551179, header=test1453195656, footer=test-2129281770], GroupData [groupname=test-1637551179, header=test1453195656, footer=test-2129281770], GroupData [groupname=test-1637551179, header=test1453195656, footer=test-2129281770], GroupData [groupname=test-1637551179, header=test1453195656, footer=test-2129281770], GroupData [groupname=test-1694134686, header=, footer=], GroupData [groupname=test-2024271628, header=test1483143870, footer=test1739870918], GroupData [groupname=test-2128580035, header=test632894331, footer=test899278140], GroupData [groupname=test-483572946, header=test834150579, footer=test-2080528846], GroupData [groupname=test-483572946, header=test834150579, footer=test-2080528846], GroupData [groupname=test-483572946, header=test834150579, footer=test-2080528846], GroupData [groupname=test-483572946, header=test834150579, footer=test-2080528846], GroupData [groupname=test-483572946, header=test834150579, footer=test-2080528846], GroupData [groupname=test-483572946, header=test834150579, footer=test-2080528846], GroupData [groupname=test-483572946, header=test834150579, footer=test-2080528846], GroupData [groupname=test-483572946, header=test834150579, footer=test-2080528846], GroupData [groupname=test-497976298, header=, footer=], GroupData [groupname=test-693446540, header=test-1340862444, footer=test249219309], GroupData [groupname=test1627849933, header=test1898495935, footer=test932229050], GroupData [groupname=test1680017773, header=test-1610649772, footer=], GroupData [groupname=test1746987500, header=, footer=test980733480], GroupData [groupname=test1847486759, header=test-1616925871, footer=test559446116], GroupData [groupname=test1909396955, header=, footer=], GroupData [groupname=test1909396955, header=, footer=], GroupData [groupname=test1909396955, header=, footer=], GroupData [groupname=test1909396955, header=, footer=], GroupData [groupname=test1909396955, header=, footer=], GroupData [groupname=test1909396955, header=, footer=], GroupData [groupname=test1909396955, header=, footer=], GroupData [groupname=test1909396955, header=, footer=], GroupData [groupname=test1918839251, header=test1842561135, footer=test-1038902779], GroupData [groupname=test1918839251, header=test1842561135, footer=test-1038902779], GroupData [groupname=test1918839251, header=test1842561135, footer=test-1038902779], GroupData [groupname=test1918839251, header=test1842561135, footer=test-1038902779], GroupData [groupname=test1918839251, header=test1842561135, footer=test-1038902779], GroupData [groupname=test1918839251, header=test1842561135, footer=test-1038902779], GroupData [groupname=test1918839251, header=test1842561135, footer=test-1038902779], GroupData [groupname=test1918839251, header=test1842561135, footer=test-1038902779], GroupData [groupname=test343725202, header=test256756338, footer=], GroupData [groupname=test394729740, header=test1649260225, footer=test1035273187], GroupData [groupname=test394729740, header=test1649260225, footer=test1035273187], GroupData [groupname=test394729740, header=test1649260225, footer=test1035273187], GroupData [groupname=test394729740, header=test1649260225, footer=test1035273187], GroupData [groupname=test394729740, header=test1649260225, footer=test1035273187], GroupData [groupname=test394729740, header=test1649260225, footer=test1035273187], GroupData [groupname=test394729740, header=test1649260225, footer=test1035273187], GroupData [groupname=test394729740, header=test1649260225, footer=test1035273187], GroupData [groupname=test520420552, header=, footer=test1217448102], GroupData [groupname=test614761133, header=test201868958, footer=test687182228], GroupData [groupname=test614761133, header=test201868958, footer=test687182228], GroupData [groupname=test614761133, header=test201868958, footer=test687182228], GroupData [groupname=test614761133, header=test201868958, footer=test687182228], GroupData [groupname=test614761133, header=test201868958, footer=test687182228], GroupData [groupname=test614761133, header=test201868958, footer=test687182228], GroupData [groupname=test614761133, header=test201868958, footer=test687182228], GroupData [groupname=test614761133, header=test201868958, footer=test687182228], GroupData [groupname=test614761133, header=test201868958, footer=test687182228], GroupData [groupname=test614761133, header=test201868958, footer=test687182228], GroupData [groupname=test614761133, header=test201868958, footer=test687182228], GroupData [groupname=test614761133, header=test201868958, footer=test687182228], GroupData [groupname=test614761133, header=test201868958, footer=test687182228], GroupData [groupname=test614761133, header=test201868958, footer=test687182228], GroupData [groupname=test614761133, header=test201868958, footer=test687182228], GroupData [groupname=test614761133, header=test201868958, footer=test687182228], GroupData [groupname=test933331072, header=, footer=]]&gt;
     but: was &lt;[GroupData [groupname=, header=, footer=], GroupData [groupname=, header=, footer=], GroupData [groupname=, header=test-7696145, footer=test1281546105], GroupData [groupname=, header=test-28933568, footer=test796209157], GroupData [groupname=, header=test1977153512, footer=test-282390619], GroupData [groupname=, header=test766007947, footer=test1463959822], GroupData [groupname=, header=test-869467770, footer=test-3394598], GroupData [groupname=, header=, footer=test-1605759156], GroupData [groupname=, header=test-127327364, footer=test-798428747], GroupData [groupname=, header=test254720562, footer=test1303111178], GroupData [groupname=, header=, footer=test-374812861], GroupData [groupname=, header=test-1163035059, footer=test-1659132907], GroupData [groupname=, header=test-1134162023, footer=test325688655], GroupData [groupname=, header=test-2094064914, footer=test-1733656698], GroupData [groupname=, header=, footer=], GroupData [groupname=, header=, footer=], GroupData [groupname=, header=test1522834217
    test
    test
    test, footer=test1658245757
    test
    test
    test], GroupData [groupname=, header=, footer=], GroupData [groupname=, header=, footer=], GroupData [groupname=, header=test1522834217
    test
    test
    test, footer=test1658245757
    test
    test
    test], GroupData [groupname=, header=, footer=], GroupData [groupname=, header=test1522834217
    test
    test
    test, footer=test1658245757
    test
    test
    test], GroupData [groupname=, header=, footer=], GroupData [groupname=, header=test1522834217
    test
    test
    test, footer=test1658245757
    test
    test
    test], GroupData [groupname=, header=, footer=], GroupData [groupname=, header=test1522834217
    test
    test
    test, footer=test1658245757
    test
    test
    test], GroupData [groupname=, header=, footer=], GroupData [groupname=, header=test1522834217
    test
    test
    test, footer=test1658245757
    test
    test
    test], GroupData [groupname=, header=test1522834217
    test
    test
    test, footer=test1658245757
    test
    test
    test], GroupData [groupname=, header=, footer=], GroupData [groupname=, header=test1522834217
    test
    test
    test, footer=test1658245757
    test
    test
    test], GroupData [groupname=, header=, footer=], GroupData [groupname=, header=test1522834217
    test
    test
    test, footer=test1658245757
    test
    test
    test], GroupData [groupname=, header=test1192129799, footer=test-443108419], GroupData [groupname=, header=test1192129799, footer=test-443108419], GroupData [groupname=, header=test1192129799, footer=test-443108419], GroupData [groupname=, header=test1192129799, footer=test-443108419], GroupData [groupname=, header=test1192129799, footer=test-443108419], GroupData [groupname=, header=test1192129799, footer=test-443108419], GroupData [groupname=, header=test1192129799, footer=test-443108419], GroupData [groupname=, header=test1192129799, footer=test-443108419], GroupData [groupname=test-1117940062, header=test172594901, footer=], GroupData [groupname=test-1123208261, header=test-557351186, footer=], GroupData [groupname=test-1123208261, header=test-557351186, footer=], GroupData [groupname=test-1123208261, header=test-557351186, footer=], GroupData [groupname=test-1123208261, header=test-557351186, footer=], GroupData [groupname=test-1123208261, header=test-557351186, footer=], GroupData [groupname=test-1123208261, header=test-557351186, footer=], GroupData [groupname=test-1123208261, header=test-557351186, footer=], GroupData [groupname=test-1123208261, header=test-557351186, footer=], GroupData [groupname=test-1128990657, header=, footer=], GroupData [groupname=test-1207430305, header=, footer=test-1199068333], GroupData [groupname=test-1207430305, header=, footer=test-1199068333], GroupData [groupname=test-1207430305, header=, footer=test-1199068333], GroupData [groupname=test-1207430305, header=, footer=test-1199068333], GroupData [groupname=test-1207430305, header=, footer=test-1199068333], GroupData [groupname=test-1207430305, header=, footer=test-1199068333], GroupData [groupname=test-1207430305, header=, footer=test-1199068333], GroupData [groupname=test-1207430305, header=, footer=test-1199068333], GroupData [groupname=test-1207430305, header=, footer=test-1199068333], GroupData [groupname=test-1207430305, header=, footer=test-1199068333], GroupData [groupname=test-1207430305, header=, footer=test-1199068333], GroupData [groupname=test-1207430305, header=, footer=test-1199068333], GroupData [groupname=test-1207430305, header=, footer=test-1199068333], GroupData [groupname=test-1207430305, header=, footer=test-1199068333], GroupData [groupname=test-1300029369, header=, footer=], GroupData [groupname=test-1384737610, header=, footer=test-702403403], GroupData [groupname=test-1384737610, header=, footer=test-702403403], GroupData [groupname=test-1384737610, header=, footer=test-702403403], GroupData [groupname=test-1384737610, header=, footer=test-702403403], GroupData [groupname=test-1384737610, header=, footer=test-702403403], GroupData [groupname=test-1384737610, header=, footer=test-702403403], GroupData [groupname=test-1384737610, header=, footer=test-702403403], GroupData [groupname=test-1384737610, header=, footer=test-702403403], GroupData [groupname=test-1408550444, header=, footer=], GroupData [groupname=test-1436371317, header=test-1045760595, footer=test30087163], GroupData [groupname=test-1437594474, header=, footer=test723868386], GroupData [groupname=test-1566963553, header=, footer=], GroupData [groupname=test-1573929601, header=test1515956214, footer=], GroupData [groupname=test-1637551179, header=test1453195656, footer=test-2129281770], GroupData [groupname=test-1637551179, header=test1453195656, footer=test-2129281770], GroupData [groupname=test-1637551179, header=test1453195656, footer=test-2129281770], GroupData [groupname=test-1637551179, header=test1453195656, footer=test-2129281770], GroupData [groupname=test-1637551179, header=test1453195656, footer=test-2129281770], GroupData [groupname=test-1637551179, header=test1453195656, footer=test-2129281770], GroupData [groupname=test-1637551179, header=test1453195656, footer=test-2129281770], GroupData [groupname=test-1637551179, header=test1453195656, footer=test-2129281770], GroupData [groupname=test-1694134686, header=, footer=], GroupData [groupname=test-2024271628, header=test1483143870, footer=test1739870918], GroupData [groupname=test-2128580035, header=test632894331, footer=test899278140], GroupData [groupname=test-483572946, header=test834150579, footer=test-2080528846], GroupData [groupname=test-483572946, header=test834150579, footer=test-2080528846], GroupData [groupname=test-483572946, header=test834150579, footer=test-2080528846], GroupData [groupname=test-483572946, header=test834150579, footer=test-2080528846], GroupData [groupname=test-483572946, header=test834150579, footer=test-2080528846], GroupData [groupname=test-483572946, header=test834150579, footer=test-2080528846], GroupData [groupname=test-483572946, header=test834150579, footer=test-2080528846], GroupData [groupname=test-483572946, header=test834150579, footer=test-2080528846], GroupData [groupname=test-497976298, header=, footer=], GroupData [groupname=test-693446540, header=test-1340862444, footer=test249219309], GroupData [groupname=test1627849933, header=test1898495935, footer=test932229050], GroupData [groupname=test1680017773, header=test-1610649772, footer=], GroupData [groupname=test1746987500, header=, footer=test980733480], GroupData [groupname=test1847486759, header=test-1616925871, footer=test559446116], GroupData [groupname=test1909396955, header=, footer=], GroupData [groupname=test1909396955, header=, footer=], GroupData [groupname=test1909396955, header=, footer=], GroupData [groupname=test1909396955, header=, footer=], GroupData [groupname=test1909396955, header=, footer=], GroupData [groupname=test1909396955, header=, footer=], GroupData [groupname=test1909396955, header=, footer=], GroupData [groupname=test1909396955, header=, footer=], GroupData [groupname=test1918839251, header=test1842561135, footer=test-1038902779], GroupData [groupname=test1918839251, header=test1842561135, footer=test-1038902779], GroupData [groupname=test1918839251, header=test1842561135, footer=test-1038902779], GroupData [groupname=test1918839251, header=test1842561135, footer=test-1038902779], GroupData [groupname=test1918839251, header=test1842561135, footer=test-1038902779], GroupData [groupname=test1918839251, header=test1842561135, footer=test-1038902779], GroupData [groupname=test1918839251, header=test1842561135, footer=test-1038902779], GroupData [groupname=test1918839251, header=test1842561135, footer=test-1038902779], GroupData [groupname=test343725202, header=test256756338, footer=], GroupData [groupname=test394729740, header=test1649260225, footer=test1035273187], GroupData [groupname=test394729740, header=test1649260225, footer=test1035273187], GroupData [groupname=test394729740, header=test1649260225, footer=test1035273187], GroupData [groupname=test394729740, header=test1649260225, footer=test1035273187], GroupData [groupname=test394729740, header=test1649260225, footer=test1035273187], GroupData [groupname=test394729740, header=test1649260225, footer=test1035273187], GroupData [groupname=test394729740, header=test1649260225, footer=test1035273187], GroupData [groupname=test394729740, header=test1649260225, footer=test1035273187], GroupData [groupname=test520420552, header=, footer=test1217448102], GroupData [groupname=test614761133, header=test201868958, footer=test687182228], GroupData [groupname=test614761133, header=test201868958, footer=test687182228], GroupData [groupname=test614761133, header=test201868958, footer=test687182228], GroupData [groupname=test614761133, header=test201868958, footer=test687182228], GroupData [groupname=test614761133, header=test201868958, footer=test687182228], GroupData [groupname=test614761133, header=test201868958, footer=test687182228], GroupData [groupname=test614761133, header=test201868958, footer=test687182228], GroupData [groupname=test614761133, header=test201868958, footer=test687182228], GroupData [groupname=test614761133, header=test201868958, footer=test687182228], GroupData [groupname=test614761133, header=test201868958, footer=test687182228], GroupData [groupname=test614761133, header=test201868958, footer=test687182228], GroupData [groupname=test614761133, header=test201868958, footer=test687182228], GroupData [groupname=test614761133, header=test201868958, footer=test687182228], GroupData [groupname=test614761133, header=test201868958, footer=test687182228], GroupData [groupname=test614761133, header=test201868958, footer=test687182228], GroupData [groupname=test933331072, header=, footer=]]&gt;">
      <![CDATA[java.lang.AssertionError: 
Expected: <[GroupData [groupname=, header=, footer=], GroupData [groupname=, header=, footer=], GroupData [groupname=, header=test-7696145, footer=test1281546105], GroupData [groupname=, header=test-28933568, footer=test796209157], GroupData [groupname=, header=test1977153512, footer=test-282390619], GroupData [groupname=, header=test766007947, footer=test1463959822], GroupData [groupname=, header=test-869467770, footer=test-3394598], GroupData [groupname=, header=, footer=test-1605759156], GroupData [groupname=, header=test-127327364, footer=test-798428747], GroupData [groupname=, header=test254720562, footer=test1303111178], GroupData [groupname=, header=, footer=test-374812861], GroupData [groupname=, header=test-1163035059, footer=test-1659132907], GroupData [groupname=, header=test-1134162023, footer=test325688655], GroupData [groupname=, header=test-2094064914, footer=test-1733656698], GroupData [groupname=, header=, footer=], GroupData [groupname=, header=, footer=], GroupData [groupname=, header=test1522834217
    test
    test
    test, footer=test1658245757
    test
    test
    test], GroupData [groupname=, header=, footer=], GroupData [groupname=, header=, footer=], GroupData [groupname=, header=test1522834217
    test
    test
    test, footer=test1658245757
    test
    test
    test], GroupData [groupname=, header=, footer=], GroupData [groupname=, header=test1522834217
    test
    test
    test, footer=test1658245757
    test
    test
    test], GroupData [groupname=, header=, footer=], GroupData [groupname=, header=test1522834217
    test
    test
    test, footer=test1658245757
    test
    test
    test], GroupData [groupname=, header=, footer=], GroupData [groupname=, header=test1522834217
    test
    test
    test, footer=test1658245757
    test
    test
    test], GroupData [groupname=, header=, footer=], GroupData [groupname=, header=test1522834217
    test
    test
    test, footer=test1658245757
    test
    test
    test], GroupData [groupname=, header=test1522834217
    test
    test
    test, footer=test1658245757
    test
    test
    test], GroupData [groupname=, header=, footer=], GroupData [groupname=, header=test1522834217
    test
    test
    test, footer=test1658245757
    test
    test
    test], GroupData [groupname=, header=, footer=], GroupData [groupname=, header=test1522834217
    test
    test
    test, footer=test1658245757
    test
    test
    test], GroupData [groupname=, header=test1192129799, footer=test-443108419], GroupData [groupname=, header=test1192129799, footer=test-443108419], GroupData [groupname=, header=test1192129799, footer=test-443108419], GroupData [groupname=, header=test1192129799, footer=test-443108419], GroupData [groupname=, header=test1192129799, footer=test-443108419], GroupData [groupname=, header=test1192129799, footer=test-443108419], GroupData [groupname=, header=test1192129799, footer=test-443108419], GroupData [groupname=, header=test1192129799, footer=test-443108419], GroupData [groupname=test-1117940062, header=test172594901, footer=], GroupData [groupname=test-1123208261, header=test-557351186, footer=], GroupData [groupname=test-1123208261, header=test-557351186, footer=], GroupData [groupname=test-1123208261, header=test-557351186, footer=], GroupData [groupname=test-1123208261, header=test-557351186, footer=], GroupData [groupname=test-1123208261, header=test-557351186, footer=], GroupData [groupname=test-1123208261, header=test-557351186, footer=], GroupData [groupname=test-1123208261, header=test-557351186, footer=], GroupData [groupname=test-1123208261, header=test-557351186, footer=], GroupData [groupname=test-1128990657, header=, footer=], GroupData [groupname=test-1207430305, header=, footer=test-1199068333], GroupData [groupname=test-1207430305, header=, footer=test-1199068333], GroupData [groupname=test-1207430305, header=, footer=test-1199068333], GroupData [groupname=test-1207430305, header=, footer=test-1199068333], GroupData [groupname=test-1207430305, header=, footer=test-1199068333], GroupData [groupname=test-1207430305, header=, footer=test-1199068333], GroupData [groupname=test-1207430305, header=, footer=test-1199068333], GroupData [groupname=test-1207430305, header=, footer=test-1199068333], GroupData [groupname=test-1207430305, header=, footer=test-1199068333], GroupData [groupname=test-1207430305, header=, footer=test-1199068333], GroupData [groupname=test-1207430305, header=, footer=test-1199068333], GroupData [groupname=test-1207430305, header=, footer=test-1199068333], GroupData [groupname=test-1207430305, header=, footer=test-1199068333], GroupData [groupname=test-1207430305, header=, footer=test-1199068333], GroupData [groupname=test-1300029369, header=, footer=], GroupData [groupname=test-1384737610, header=, footer=test-702403403], GroupData [groupname=test-1384737610, header=, footer=test-702403403], GroupData [groupname=test-1384737610, header=, footer=test-702403403], GroupData [groupname=test-1384737610, header=, footer=test-702403403], GroupData [groupname=test-1384737610, header=, footer=test-702403403], GroupData [groupname=test-1384737610, header=, footer=test-702403403], GroupData [groupname=test-1384737610, header=, footer=test-702403403], GroupData [groupname=test-1384737610, header=, footer=test-702403403], GroupData [groupname=test-1408550444, header=, footer=], GroupData [groupname=test-1436371317, header=test-1045760595, footer=test30087163], GroupData [groupname=test-1437594474, header=, footer=test723868386], GroupData [groupname=test-1566963553, header=, footer=], GroupData [groupname=test-1573929601, header=test1515956214, footer=], GroupData [groupname=test-1637551179, header=test1453195656, footer=test-2129281770], GroupData [groupname=test-1637551179, header=test1453195656, footer=test-2129281770], GroupData [groupname=test-1637551179, header=test1453195656, footer=test-2129281770], GroupData [groupname=test-1637551179, header=test1453195656, footer=test-2129281770], GroupData [groupname=test-1637551179, header=test1453195656, footer=test-2129281770], GroupData [groupname=test-1637551179, header=test1453195656, footer=test-2129281770], GroupData [groupname=test-1637551179, header=test1453195656, footer=test-2129281770], GroupData [groupname=test-1637551179, header=test1453195656, footer=test-2129281770], GroupData [groupname=test-1694134686, header=, footer=], GroupData [groupname=test-2024271628, header=test1483143870, footer=test1739870918], GroupData [groupname=test-2128580035, header=test632894331, footer=test899278140], GroupData [groupname=test-483572946, header=test834150579, footer=test-2080528846], GroupData [groupname=test-483572946, header=test834150579, footer=test-2080528846], GroupData [groupname=test-483572946, header=test834150579, footer=test-2080528846], GroupData [groupname=test-483572946, header=test834150579, footer=test-2080528846], GroupData [groupname=test-483572946, header=test834150579, footer=test-2080528846], GroupData [groupname=test-483572946, header=test834150579, footer=test-2080528846], GroupData [groupname=test-483572946, header=test834150579, footer=test-2080528846], GroupData [groupname=test-483572946, header=test834150579, footer=test-2080528846], GroupData [groupname=test-497976298, header=, footer=], GroupData [groupname=test-693446540, header=test-1340862444, footer=test249219309], GroupData [groupname=test1627849933, header=test1898495935, footer=test932229050], GroupData [groupname=test1680017773, header=test-1610649772, footer=], GroupData [groupname=test1746987500, header=, footer=test980733480], GroupData [groupname=test1847486759, header=test-1616925871, footer=test559446116], GroupData [groupname=test1909396955, header=, footer=], GroupData [groupname=test1909396955, header=, footer=], GroupData [groupname=test1909396955, header=, footer=], GroupData [groupname=test1909396955, header=, footer=], GroupData [groupname=test1909396955, header=, footer=], GroupData [groupname=test1909396955, header=, footer=], GroupData [groupname=test1909396955, header=, footer=], GroupData [groupname=test1909396955, header=, footer=], GroupData [groupname=test1918839251, header=test1842561135, footer=test-1038902779], GroupData [groupname=test1918839251, header=test1842561135, footer=test-1038902779], GroupData [groupname=test1918839251, header=test1842561135, footer=test-1038902779], GroupData [groupname=test1918839251, header=test1842561135, footer=test-1038902779], GroupData [groupname=test1918839251, header=test1842561135, footer=test-1038902779], GroupData [groupname=test1918839251, header=test1842561135, footer=test-1038902779], GroupData [groupname=test1918839251, header=test1842561135, footer=test-1038902779], GroupData [groupname=test1918839251, header=test1842561135, footer=test-1038902779], GroupData [groupname=test343725202, header=test256756338, footer=], GroupData [groupname=test394729740, header=test1649260225, footer=test1035273187], GroupData [groupname=test394729740, header=test1649260225, footer=test1035273187], GroupData [groupname=test394729740, header=test1649260225, footer=test1035273187], GroupData [groupname=test394729740, header=test1649260225, footer=test1035273187], GroupData [groupname=test394729740, header=test1649260225, footer=test1035273187], GroupData [groupname=test394729740, header=test1649260225, footer=test1035273187], GroupData [groupname=test394729740, header=test1649260225, footer=test1035273187], GroupData [groupname=test394729740, header=test1649260225, footer=test1035273187], GroupData [groupname=test520420552, header=, footer=test1217448102], GroupData [groupname=test614761133, header=test201868958, footer=test687182228], GroupData [groupname=test614761133, header=test201868958, footer=test687182228], GroupData [groupname=test614761133, header=test201868958, footer=test687182228], GroupData [groupname=test614761133, header=test201868958, footer=test687182228], GroupData [groupname=test614761133, header=test201868958, footer=test687182228], GroupData [groupname=test614761133, header=test201868958, footer=test687182228], GroupData [groupname=test614761133, header=test201868958, footer=test687182228], GroupData [groupname=test614761133, header=test201868958, footer=test687182228], GroupData [groupname=test614761133, header=test201868958, footer=test687182228], GroupData [groupname=test614761133, header=test201868958, footer=test687182228], GroupData [groupname=test614761133, header=test201868958, footer=test687182228], GroupData [groupname=test614761133, header=test201868958, footer=test687182228], GroupData [groupname=test614761133, header=test201868958, footer=test687182228], GroupData [groupname=test614761133, header=test201868958, footer=test687182228], GroupData [groupname=test614761133, header=test201868958, footer=test687182228], GroupData [groupname=test614761133, header=test201868958, footer=test687182228], GroupData [groupname=test933331072, header=, footer=]]]]><![CDATA[>
     but: was <[GroupData [groupname=, header=, footer=], GroupData [groupname=, header=, footer=], GroupData [groupname=, header=test-7696145, footer=test1281546105], GroupData [groupname=, header=test-28933568, footer=test796209157], GroupData [groupname=, header=test1977153512, footer=test-282390619], GroupData [groupname=, header=test766007947, footer=test1463959822], GroupData [groupname=, header=test-869467770, footer=test-3394598], GroupData [groupname=, header=, footer=test-1605759156], GroupData [groupname=, header=test-127327364, footer=test-798428747], GroupData [groupname=, header=test254720562, footer=test1303111178], GroupData [groupname=, header=, footer=test-374812861], GroupData [groupname=, header=test-1163035059, footer=test-1659132907], GroupData [groupname=, header=test-1134162023, footer=test325688655], GroupData [groupname=, header=test-2094064914, footer=test-1733656698], GroupData [groupname=, header=, footer=], GroupData [groupname=, header=, footer=], GroupData [groupname=, header=test1522834217
    test
    test
    test, footer=test1658245757
    test
    test
    test], GroupData [groupname=, header=, footer=], GroupData [groupname=, header=, footer=], GroupData [groupname=, header=test1522834217
    test
    test
    test, footer=test1658245757
    test
    test
    test], GroupData [groupname=, header=, footer=], GroupData [groupname=, header=test1522834217
    test
    test
    test, footer=test1658245757
    test
    test
    test], GroupData [groupname=, header=, footer=], GroupData [groupname=, header=test1522834217
    test
    test
    test, footer=test1658245757
    test
    test
    test], GroupData [groupname=, header=, footer=], GroupData [groupname=, header=test1522834217
    test
    test
    test, footer=test1658245757
    test
    test
    test], GroupData [groupname=, header=, footer=], GroupData [groupname=, header=test1522834217
    test
    test
    test, footer=test1658245757
    test
    test
    test], GroupData [groupname=, header=test1522834217
    test
    test
    test, footer=test1658245757
    test
    test
    test], GroupData [groupname=, header=, footer=], GroupData [groupname=, header=test1522834217
    test
    test
    test, footer=test1658245757
    test
    test
    test], GroupData [groupname=, header=, footer=], GroupData [groupname=, header=test1522834217
    test
    test
    test, footer=test1658245757
    test
    test
    test], GroupData [groupname=, header=test1192129799, footer=test-443108419], GroupData [groupname=, header=test1192129799, footer=test-443108419], GroupData [groupname=, header=test1192129799, footer=test-443108419], GroupData [groupname=, header=test1192129799, footer=test-443108419], GroupData [groupname=, header=test1192129799, footer=test-443108419], GroupData [groupname=, header=test1192129799, footer=test-443108419], GroupData [groupname=, header=test1192129799, footer=test-443108419], GroupData [groupname=, header=test1192129799, footer=test-443108419], GroupData [groupname=test-1117940062, header=test172594901, footer=], GroupData [groupname=test-1123208261, header=test-557351186, footer=], GroupData [groupname=test-1123208261, header=test-557351186, footer=], GroupData [groupname=test-1123208261, header=test-557351186, footer=], GroupData [groupname=test-1123208261, header=test-557351186, footer=], GroupData [groupname=test-1123208261, header=test-557351186, footer=], GroupData [groupname=test-1123208261, header=test-557351186, footer=], GroupData [groupname=test-1123208261, header=test-557351186, footer=], GroupData [groupname=test-1123208261, header=test-557351186, footer=], GroupData [groupname=test-1128990657, header=, footer=], GroupData [groupname=test-1207430305, header=, footer=test-1199068333], GroupData [groupname=test-1207430305, header=, footer=test-1199068333], GroupData [groupname=test-1207430305, header=, footer=test-1199068333], GroupData [groupname=test-1207430305, header=, footer=test-1199068333], GroupData [groupname=test-1207430305, header=, footer=test-1199068333], GroupData [groupname=test-1207430305, header=, footer=test-1199068333], GroupData [groupname=test-1207430305, header=, footer=test-1199068333], GroupData [groupname=test-1207430305, header=, footer=test-1199068333], GroupData [groupname=test-1207430305, header=, footer=test-1199068333], GroupData [groupname=test-1207430305, header=, footer=test-1199068333], GroupData [groupname=test-1207430305, header=, footer=test-1199068333], GroupData [groupname=test-1207430305, header=, footer=test-1199068333], GroupData [groupname=test-1207430305, header=, footer=test-1199068333], GroupData [groupname=test-1207430305, header=, footer=test-1199068333], GroupData [groupname=test-1300029369, header=, footer=], GroupData [groupname=test-1384737610, header=, footer=test-702403403], GroupData [groupname=test-1384737610, header=, footer=test-702403403], GroupData [groupname=test-1384737610, header=, footer=test-702403403], GroupData [groupname=test-1384737610, header=, footer=test-702403403], GroupData [groupname=test-1384737610, header=, footer=test-702403403], GroupData [groupname=test-1384737610, header=, footer=test-702403403], GroupData [groupname=test-1384737610, header=, footer=test-702403403], GroupData [groupname=test-1384737610, header=, footer=test-702403403], GroupData [groupname=test-1408550444, header=, footer=], GroupData [groupname=test-1436371317, header=test-1045760595, footer=test30087163], GroupData [groupname=test-1437594474, header=, footer=test723868386], GroupData [groupname=test-1566963553, header=, footer=], GroupData [groupname=test-1573929601, header=test1515956214, footer=], GroupData [groupname=test-1637551179, header=test1453195656, footer=test-2129281770], GroupData [groupname=test-1637551179, header=test1453195656, footer=test-2129281770], GroupData [groupname=test-1637551179, header=test1453195656, footer=test-2129281770], GroupData [groupname=test-1637551179, header=test1453195656, footer=test-2129281770], GroupData [groupname=test-1637551179, header=test1453195656, footer=test-2129281770], GroupData [groupname=test-1637551179, header=test1453195656, footer=test-2129281770], GroupData [groupname=test-1637551179, header=test1453195656, footer=test-2129281770], GroupData [groupname=test-1637551179, header=test1453195656, footer=test-2129281770], GroupData [groupname=test-1694134686, header=, footer=], GroupData [groupname=test-2024271628, header=test1483143870, footer=test1739870918], GroupData [groupname=test-2128580035, header=test632894331, footer=test899278140], GroupData [groupname=test-483572946, header=test834150579, footer=test-2080528846], GroupData [groupname=test-483572946, header=test834150579, footer=test-2080528846], GroupData [groupname=test-483572946, header=test834150579, footer=test-2080528846], GroupData [groupname=test-483572946, header=test834150579, footer=test-2080528846], GroupData [groupname=test-483572946, header=test834150579, footer=test-2080528846], GroupData [groupname=test-483572946, header=test834150579, footer=test-2080528846], GroupData [groupname=test-483572946, header=test834150579, footer=test-2080528846], GroupData [groupname=test-483572946, header=test834150579, footer=test-2080528846], GroupData [groupname=test-497976298, header=, footer=], GroupData [groupname=test-693446540, header=test-1340862444, footer=test249219309], GroupData [groupname=test1627849933, header=test1898495935, footer=test932229050], GroupData [groupname=test1680017773, header=test-1610649772, footer=], GroupData [groupname=test1746987500, header=, footer=test980733480], GroupData [groupname=test1847486759, header=test-1616925871, footer=test559446116], GroupData [groupname=test1909396955, header=, footer=], GroupData [groupname=test1909396955, header=, footer=], GroupData [groupname=test1909396955, header=, footer=], GroupData [groupname=test1909396955, header=, footer=], GroupData [groupname=test1909396955, header=, footer=], GroupData [groupname=test1909396955, header=, footer=], GroupData [groupname=test1909396955, header=, footer=], GroupData [groupname=test1909396955, header=, footer=], GroupData [groupname=test1918839251, header=test1842561135, footer=test-1038902779], GroupData [groupname=test1918839251, header=test1842561135, footer=test-1038902779], GroupData [groupname=test1918839251, header=test1842561135, footer=test-1038902779], GroupData [groupname=test1918839251, header=test1842561135, footer=test-1038902779], GroupData [groupname=test1918839251, header=test1842561135, footer=test-1038902779], GroupData [groupname=test1918839251, header=test1842561135, footer=test-1038902779], GroupData [groupname=test1918839251, header=test1842561135, footer=test-1038902779], GroupData [groupname=test1918839251, header=test1842561135, footer=test-1038902779], GroupData [groupname=test343725202, header=test256756338, footer=], GroupData [groupname=test394729740, header=test1649260225, footer=test1035273187], GroupData [groupname=test394729740, header=test1649260225, footer=test1035273187], GroupData [groupname=test394729740, header=test1649260225, footer=test1035273187], GroupData [groupname=test394729740, header=test1649260225, footer=test1035273187], GroupData [groupname=test394729740, header=test1649260225, footer=test1035273187], GroupData [groupname=test394729740, header=test1649260225, footer=test1035273187], GroupData [groupname=test394729740, header=test1649260225, footer=test1035273187], GroupData [groupname=test394729740, header=test1649260225, footer=test1035273187], GroupData [groupname=test520420552, header=, footer=test1217448102], GroupData [groupname=test614761133, header=test201868958, footer=test687182228], GroupData [groupname=test614761133, header=test201868958, footer=test687182228], GroupData [groupname=test614761133, header=test201868958, footer=test687182228], GroupData [groupname=test614761133, header=test201868958, footer=test687182228], GroupData [groupname=test614761133, header=test201868958, footer=test687182228], GroupData [groupname=test614761133, header=test201868958, footer=test687182228], GroupData [groupname=test614761133, header=test201868958, footer=test687182228], GroupData [groupname=test614761133, header=test201868958, footer=test687182228], GroupData [groupname=test614761133, header=test201868958, footer=test687182228], GroupData [groupname=test614761133, header=test201868958, footer=test687182228], GroupData [groupname=test614761133, header=test201868958, footer=test687182228], GroupData [groupname=test614761133, header=test201868958, footer=test687182228], GroupData [groupname=test614761133, header=test201868958, footer=test687182228], GroupData [groupname=test614761133, header=test201868958, footer=test687182228], GroupData [groupname=test614761133, header=test201868958, footer=test687182228], GroupData [groupname=test933331072, header=, footer=]]]]><![CDATA[>
	at org.hamcrest.MatcherAssert.assertThat(MatcherAssert.java:20)
	at org.junit.Assert.assertThat(Assert.java:865)
	at org.junit.Assert.assertThat(Assert.java:832)
	at com.example.tests.GroupCreation.testGroupCreationWithValidData(GroupCreation.java:49)
	at sun.reflect.NativeMethodAccessorImpl.invoke0(Native Method)
	at sun.reflect.NativeMethodAccessorImpl.invoke(Unknown Source)
	at sun.reflect.DelegatingMethodAccessorImpl.invoke(Unknown Source)
	at java.lang.reflect.Method.invoke(Unknown Source)
	at org.testng.internal.MethodInvocationHelper.invokeMethod(MethodInvocationHelper.java:84)
	at org.testng.internal.Invoker.invokeMethod(Invoker.java:714)
	at org.testng.internal.Invoker.invokeTestMethod(Invoker.java:901)
	at org.testng.internal.Invoker.invokeTestMethods(Invoker.java:1231)
	at org.testng.internal.TestMethodWorker.invokeTestMethods(TestMethodWorker.java:127)
	at org.testng.internal.TestMethodWorker.run(TestMethodWorker.java:111)
	at org.testng.TestRunner.privateRun(TestRunner.java:767)
	at org.testng.TestRunner.run(TestRunner.java:617)
	at org.testng.SuiteRunner.runTest(SuiteRunner.java:334)
	at org.testng.SuiteRunner.runSequentially(SuiteRunner.java:329)
	at org.testng.SuiteRunner.privateRun(SuiteRunner.java:291)
	at org.testng.SuiteRunner.run(SuiteRunner.java:240)
	at org.testng.SuiteRunnerWorker.runSuite(SuiteRunnerWorker.java:52)
	at org.testng.SuiteRunnerWorker.run(SuiteRunnerWorker.java:86)
	at org.testng.TestNG.runSuitesSequentially(TestNG.java:1224)
	at org.testng.TestNG.runSuitesLocally(TestNG.java:1149)
	at org.testng.TestNG.run(TestNG.java:1057)
	at org.testng.remote.RemoteTestNG.run(RemoteTestNG.java:111)
	at org.testng.remote.RemoteTestNG.initAndRun(RemoteTestNG.java:204)
	at org.testng.remote.RemoteTestNG.main(RemoteTestNG.java:175)
]]>
    </error>
  </testcase> <!-- testGroupCreationWithValidData -->
  <testcase name="testGroupCreationWithValidData" time="2.182" classname="com.example.tests.GroupCreation">
    <error type="java.lang.AssertionError" message="
Expected: &lt;[GroupData [groupname=, header=, footer=], GroupData [groupname=, header=, footer=], GroupData [groupname=, header=test-7696145, footer=test1281546105], GroupData [groupname=, header=test-28933568, footer=test796209157], GroupData [groupname=, header=test1977153512, footer=test-282390619], GroupData [groupname=, header=test766007947, footer=test1463959822], GroupData [groupname=, header=test-869467770, footer=test-3394598], GroupData [groupname=, header=, footer=test-1605759156], GroupData [groupname=, header=test-127327364, footer=test-798428747], GroupData [groupname=, header=test254720562, footer=test1303111178], GroupData [groupname=, header=, footer=test-374812861], GroupData [groupname=, header=test-1163035059, footer=test-1659132907], GroupData [groupname=, header=test-1134162023, footer=test325688655], GroupData [groupname=, header=test-2094064914, footer=test-1733656698], GroupData [groupname=, header=, footer=], GroupData [groupname=, header=, footer=], GroupData [groupname=, header=test1522834217
    test
    test
    test, footer=test1658245757
    test
    test
    test], GroupData [groupname=, header=, footer=], GroupData [groupname=, header=, footer=], GroupData [groupname=, header=test1522834217
    test
    test
    test, footer=test1658245757
    test
    test
    test], GroupData [groupname=, header=, footer=], GroupData [groupname=, header=test1522834217
    test
    test
    test, footer=test1658245757
    test
    test
    test], GroupData [groupname=, header=, footer=], GroupData [groupname=, header=test1522834217
    test
    test
    test, footer=test1658245757
    test
    test
    test], GroupData [groupname=, header=, footer=], GroupData [groupname=, header=test1522834217
    test
    test
    test, footer=test1658245757
    test
    test
    test], GroupData [groupname=, header=, footer=], GroupData [groupname=, header=test1522834217
    test
    test
    test, footer=test1658245757
    test
    test
    test], GroupData [groupname=, header=test1522834217
    test
    test
    test, footer=test1658245757
    test
    test
    test], GroupData [groupname=, header=, footer=], GroupData [groupname=, header=test1522834217
    test
    test
    test, footer=test1658245757
    test
    test
    test], GroupData [groupname=, header=, footer=], GroupData [groupname=, header=test1522834217
    test
    test
    test, footer=test1658245757
    test
    test
    test], GroupData [groupname=, header=test1192129799, footer=test-443108419], GroupData [groupname=, header=test1192129799, footer=test-443108419], GroupData [groupname=, header=test1192129799, footer=test-443108419], GroupData [groupname=, header=test1192129799, footer=test-443108419], GroupData [groupname=, header=test1192129799, footer=test-443108419], GroupData [groupname=, header=test1192129799, footer=test-443108419], GroupData [groupname=, header=test1192129799, footer=test-443108419], GroupData [groupname=, header=test1192129799, footer=test-443108419], GroupData [groupname=test-1117940062, header=test172594901, footer=], GroupData [groupname=test-1123208261, header=test-557351186, footer=], GroupData [groupname=test-1123208261, header=test-557351186, footer=], GroupData [groupname=test-1123208261, header=test-557351186, footer=], GroupData [groupname=test-1123208261, header=test-557351186, footer=], GroupData [groupname=test-1123208261, header=test-557351186, footer=], GroupData [groupname=test-1123208261, header=test-557351186, footer=], GroupData [groupname=test-1123208261, header=test-557351186, footer=], GroupData [groupname=test-1123208261, header=test-557351186, footer=], GroupData [groupname=test-1128990657, header=, footer=], GroupData [groupname=test-1207430305, header=, footer=test-1199068333], GroupData [groupname=test-1207430305, header=, footer=test-1199068333], GroupData [groupname=test-1207430305, header=, footer=test-1199068333], GroupData [groupname=test-1207430305, header=, footer=test-1199068333], GroupData [groupname=test-1207430305, header=, footer=test-1199068333], GroupData [groupname=test-1207430305, header=, footer=test-1199068333], GroupData [groupname=test-1207430305, header=, footer=test-1199068333], GroupData [groupname=test-1207430305, header=, footer=test-1199068333], GroupData [groupname=test-1207430305, header=, footer=test-1199068333], GroupData [groupname=test-1207430305, header=, footer=test-1199068333], GroupData [groupname=test-1207430305, header=, footer=test-1199068333], GroupData [groupname=test-1207430305, header=, footer=test-1199068333], GroupData [groupname=test-1207430305, header=, footer=test-1199068333], GroupData [groupname=test-1207430305, header=, footer=test-1199068333], GroupData [groupname=test-1207430305, header=, footer=test-1199068333], GroupData [groupname=test-1207430305, header=, footer=test-1199068333], GroupData [groupname=test-1300029369, header=, footer=], GroupData [groupname=test-1384737610, header=, footer=test-702403403], GroupData [groupname=test-1384737610, header=, footer=test-702403403], GroupData [groupname=test-1384737610, header=, footer=test-702403403], GroupData [groupname=test-1384737610, header=, footer=test-702403403], GroupData [groupname=test-1384737610, header=, footer=test-702403403], GroupData [groupname=test-1384737610, header=, footer=test-702403403], GroupData [groupname=test-1384737610, header=, footer=test-702403403], GroupData [groupname=test-1384737610, header=, footer=test-702403403], GroupData [groupname=test-1408550444, header=, footer=], GroupData [groupname=test-1436371317, header=test-1045760595, footer=test30087163], GroupData [groupname=test-1437594474, header=, footer=test723868386], GroupData [groupname=test-1566963553, header=, footer=], GroupData [groupname=test-1573929601, header=test1515956214, footer=], GroupData [groupname=test-1637551179, header=test1453195656, footer=test-2129281770], GroupData [groupname=test-1637551179, header=test1453195656, footer=test-2129281770], GroupData [groupname=test-1637551179, header=test1453195656, footer=test-2129281770], GroupData [groupname=test-1637551179, header=test1453195656, footer=test-2129281770], GroupData [groupname=test-1637551179, header=test1453195656, footer=test-2129281770], GroupData [groupname=test-1637551179, header=test1453195656, footer=test-2129281770], GroupData [groupname=test-1637551179, header=test1453195656, footer=test-2129281770], GroupData [groupname=test-1637551179, header=test1453195656, footer=test-2129281770], GroupData [groupname=test-1694134686, header=, footer=], GroupData [groupname=test-2024271628, header=test1483143870, footer=test1739870918], GroupData [groupname=test-2128580035, header=test632894331, footer=test899278140], GroupData [groupname=test-483572946, header=test834150579, footer=test-2080528846], GroupData [groupname=test-483572946, header=test834150579, footer=test-2080528846], GroupData [groupname=test-483572946, header=test834150579, footer=test-2080528846], GroupData [groupname=test-483572946, header=test834150579, footer=test-2080528846], GroupData [groupname=test-483572946, header=test834150579, footer=test-2080528846], GroupData [groupname=test-483572946, header=test834150579, footer=test-2080528846], GroupData [groupname=test-483572946, header=test834150579, footer=test-2080528846], GroupData [groupname=test-483572946, header=test834150579, footer=test-2080528846], GroupData [groupname=test-497976298, header=, footer=], GroupData [groupname=test-693446540, header=test-1340862444, footer=test249219309], GroupData [groupname=test1627849933, header=test1898495935, footer=test932229050], GroupData [groupname=test1680017773, header=test-1610649772, footer=], GroupData [groupname=test1746987500, header=, footer=test980733480], GroupData [groupname=test1847486759, header=test-1616925871, footer=test559446116], GroupData [groupname=test1909396955, header=, footer=], GroupData [groupname=test1909396955, header=, footer=], GroupData [groupname=test1909396955, header=, footer=], GroupData [groupname=test1909396955, header=, footer=], GroupData [groupname=test1909396955, header=, footer=], GroupData [groupname=test1909396955, header=, footer=], GroupData [groupname=test1909396955, header=, footer=], GroupData [groupname=test1909396955, header=, footer=], GroupData [groupname=test1918839251, header=test1842561135, footer=test-1038902779], GroupData [groupname=test1918839251, header=test1842561135, footer=test-1038902779], GroupData [groupname=test1918839251, header=test1842561135, footer=test-1038902779], GroupData [groupname=test1918839251, header=test1842561135, footer=test-1038902779], GroupData [groupname=test1918839251, header=test1842561135, footer=test-1038902779], GroupData [groupname=test1918839251, header=test1842561135, footer=test-1038902779], GroupData [groupname=test1918839251, header=test1842561135, footer=test-1038902779], GroupData [groupname=test1918839251, header=test1842561135, footer=test-1038902779], GroupData [groupname=test343725202, header=test256756338, footer=], GroupData [groupname=test394729740, header=test1649260225, footer=test1035273187], GroupData [groupname=test394729740, header=test1649260225, footer=test1035273187], GroupData [groupname=test394729740, header=test1649260225, footer=test1035273187], GroupData [groupname=test394729740, header=test1649260225, footer=test1035273187], GroupData [groupname=test394729740, header=test1649260225, footer=test1035273187], GroupData [groupname=test394729740, header=test1649260225, footer=test1035273187], GroupData [groupname=test394729740, header=test1649260225, footer=test1035273187], GroupData [groupname=test394729740, header=test1649260225, footer=test1035273187], GroupData [groupname=test520420552, header=, footer=test1217448102], GroupData [groupname=test614761133, header=test201868958, footer=test687182228], GroupData [groupname=test614761133, header=test201868958, footer=test687182228], GroupData [groupname=test614761133, header=test201868958, footer=test687182228], GroupData [groupname=test614761133, header=test201868958, footer=test687182228], GroupData [groupname=test614761133, header=test201868958, footer=test687182228], GroupData [groupname=test614761133, header=test201868958, footer=test687182228], GroupData [groupname=test614761133, header=test201868958, footer=test687182228], GroupData [groupname=test614761133, header=test201868958, footer=test687182228], GroupData [groupname=test614761133, header=test201868958, footer=test687182228], GroupData [groupname=test614761133, header=test201868958, footer=test687182228], GroupData [groupname=test614761133, header=test201868958, footer=test687182228], GroupData [groupname=test614761133, header=test201868958, footer=test687182228], GroupData [groupname=test614761133, header=test201868958, footer=test687182228], GroupData [groupname=test614761133, header=test201868958, footer=test687182228], GroupData [groupname=test614761133, header=test201868958, footer=test687182228], GroupData [groupname=test933331072, header=, footer=]]&gt;
     but: was &lt;[GroupData [groupname=, header=, footer=], GroupData [groupname=, header=, footer=], GroupData [groupname=, header=test-7696145, footer=test1281546105], GroupData [groupname=, header=test-28933568, footer=test796209157], GroupData [groupname=, header=test1977153512, footer=test-282390619], GroupData [groupname=, header=test766007947, footer=test1463959822], GroupData [groupname=, header=test-869467770, footer=test-3394598], GroupData [groupname=, header=, footer=test-1605759156], GroupData [groupname=, header=test-127327364, footer=test-798428747], GroupData [groupname=, header=test254720562, footer=test1303111178], GroupData [groupname=, header=, footer=test-374812861], GroupData [groupname=, header=test-1163035059, footer=test-1659132907], GroupData [groupname=, header=test-1134162023, footer=test325688655], GroupData [groupname=, header=test-2094064914, footer=test-1733656698], GroupData [groupname=, header=, footer=], GroupData [groupname=, header=, footer=], GroupData [groupname=, header=test1522834217
    test
    test
    test, footer=test1658245757
    test
    test
    test], GroupData [groupname=, header=, footer=], GroupData [groupname=, header=, footer=], GroupData [groupname=, header=test1522834217
    test
    test
    test, footer=test1658245757
    test
    test
    test], GroupData [groupname=, header=, footer=], GroupData [groupname=, header=test1522834217
    test
    test
    test, footer=test1658245757
    test
    test
    test], GroupData [groupname=, header=, footer=], GroupData [groupname=, header=test1522834217
    test
    test
    test, footer=test1658245757
    test
    test
    test], GroupData [groupname=, header=, footer=], GroupData [groupname=, header=test1522834217
    test
    test
    test, footer=test1658245757
    test
    test
    test], GroupData [groupname=, header=, footer=], GroupData [groupname=, header=test1522834217
    test
    test
    test, footer=test1658245757
    test
    test
    test], GroupData [groupname=, header=test1522834217
    test
    test
    test, footer=test1658245757
    test
    test
    test], GroupData [groupname=, header=, footer=], GroupData [groupname=, header=test1522834217
    test
    test
    test, footer=test1658245757
    test
    test
    test], GroupData [groupname=, header=, footer=], GroupData [groupname=, header=test1522834217
    test
    test
    test, footer=test1658245757
    test
    test
    test], GroupData [groupname=, header=test1192129799, footer=test-443108419], GroupData [groupname=, header=test1192129799, footer=test-443108419], GroupData [groupname=, header=test1192129799, footer=test-443108419], GroupData [groupname=, header=test1192129799, footer=test-443108419], GroupData [groupname=, header=test1192129799, footer=test-443108419], GroupData [groupname=, header=test1192129799, footer=test-443108419], GroupData [groupname=, header=test1192129799, footer=test-443108419], GroupData [groupname=, header=test1192129799, footer=test-443108419], GroupData [groupname=test-1117940062, header=test172594901, footer=], GroupData [groupname=test-1123208261, header=test-557351186, footer=], GroupData [groupname=test-1123208261, header=test-557351186, footer=], GroupData [groupname=test-1123208261, header=test-557351186, footer=], GroupData [groupname=test-1123208261, header=test-557351186, footer=], GroupData [groupname=test-1123208261, header=test-557351186, footer=], GroupData [groupname=test-1123208261, header=test-557351186, footer=], GroupData [groupname=test-1123208261, header=test-557351186, footer=], GroupData [groupname=test-1123208261, header=test-557351186, footer=], GroupData [groupname=test-1128990657, header=, footer=], GroupData [groupname=test-1207430305, header=, footer=test-1199068333], GroupData [groupname=test-1207430305, header=, footer=test-1199068333], GroupData [groupname=test-1207430305, header=, footer=test-1199068333], GroupData [groupname=test-1207430305, header=, footer=test-1199068333], GroupData [groupname=test-1207430305, header=, footer=test-1199068333], GroupData [groupname=test-1207430305, header=, footer=test-1199068333], GroupData [groupname=test-1207430305, header=, footer=test-1199068333], GroupData [groupname=test-1207430305, header=, footer=test-1199068333], GroupData [groupname=test-1207430305, header=, footer=test-1199068333], GroupData [groupname=test-1207430305, header=, footer=test-1199068333], GroupData [groupname=test-1207430305, header=, footer=test-1199068333], GroupData [groupname=test-1207430305, header=, footer=test-1199068333], GroupData [groupname=test-1207430305, header=, footer=test-1199068333], GroupData [groupname=test-1207430305, header=, footer=test-1199068333], GroupData [groupname=test-1207430305, header=, footer=test-1199068333], GroupData [groupname=test-1300029369, header=, footer=], GroupData [groupname=test-1384737610, header=, footer=test-702403403], GroupData [groupname=test-1384737610, header=, footer=test-702403403], GroupData [groupname=test-1384737610, header=, footer=test-702403403], GroupData [groupname=test-1384737610, header=, footer=test-702403403], GroupData [groupname=test-1384737610, header=, footer=test-702403403], GroupData [groupname=test-1384737610, header=, footer=test-702403403], GroupData [groupname=test-1384737610, header=, footer=test-702403403], GroupData [groupname=test-1384737610, header=, footer=test-702403403], GroupData [groupname=test-1408550444, header=, footer=], GroupData [groupname=test-1436371317, header=test-1045760595, footer=test30087163], GroupData [groupname=test-1437594474, header=, footer=test723868386], GroupData [groupname=test-1566963553, header=, footer=], GroupData [groupname=test-1573929601, header=test1515956214, footer=], GroupData [groupname=test-1637551179, header=test1453195656, footer=test-2129281770], GroupData [groupname=test-1637551179, header=test1453195656, footer=test-2129281770], GroupData [groupname=test-1637551179, header=test1453195656, footer=test-2129281770], GroupData [groupname=test-1637551179, header=test1453195656, footer=test-2129281770], GroupData [groupname=test-1637551179, header=test1453195656, footer=test-2129281770], GroupData [groupname=test-1637551179, header=test1453195656, footer=test-2129281770], GroupData [groupname=test-1637551179, header=test1453195656, footer=test-2129281770], GroupData [groupname=test-1637551179, header=test1453195656, footer=test-2129281770], GroupData [groupname=test-1694134686, header=, footer=], GroupData [groupname=test-2024271628, header=test1483143870, footer=test1739870918], GroupData [groupname=test-2128580035, header=test632894331, footer=test899278140], GroupData [groupname=test-483572946, header=test834150579, footer=test-2080528846], GroupData [groupname=test-483572946, header=test834150579, footer=test-2080528846], GroupData [groupname=test-483572946, header=test834150579, footer=test-2080528846], GroupData [groupname=test-483572946, header=test834150579, footer=test-2080528846], GroupData [groupname=test-483572946, header=test834150579, footer=test-2080528846], GroupData [groupname=test-483572946, header=test834150579, footer=test-2080528846], GroupData [groupname=test-483572946, header=test834150579, footer=test-2080528846], GroupData [groupname=test-483572946, header=test834150579, footer=test-2080528846], GroupData [groupname=test-497976298, header=, footer=], GroupData [groupname=test-693446540, header=test-1340862444, footer=test249219309], GroupData [groupname=test1627849933, header=test1898495935, footer=test932229050], GroupData [groupname=test1680017773, header=test-1610649772, footer=], GroupData [groupname=test1746987500, header=, footer=test980733480], GroupData [groupname=test1847486759, header=test-1616925871, footer=test559446116], GroupData [groupname=test1909396955, header=, footer=], GroupData [groupname=test1909396955, header=, footer=], GroupData [groupname=test1909396955, header=, footer=], GroupData [groupname=test1909396955, header=, footer=], GroupData [groupname=test1909396955, header=, footer=], GroupData [groupname=test1909396955, header=, footer=], GroupData [groupname=test1909396955, header=, footer=], GroupData [groupname=test1909396955, header=, footer=], GroupData [groupname=test1918839251, header=test1842561135, footer=test-1038902779], GroupData [groupname=test1918839251, header=test1842561135, footer=test-1038902779], GroupData [groupname=test1918839251, header=test1842561135, footer=test-1038902779], GroupData [groupname=test1918839251, header=test1842561135, footer=test-1038902779], GroupData [groupname=test1918839251, header=test1842561135, footer=test-1038902779], GroupData [groupname=test1918839251, header=test1842561135, footer=test-1038902779], GroupData [groupname=test1918839251, header=test1842561135, footer=test-1038902779], GroupData [groupname=test1918839251, header=test1842561135, footer=test-1038902779], GroupData [groupname=test343725202, header=test256756338, footer=], GroupData [groupname=test394729740, header=test1649260225, footer=test1035273187], GroupData [groupname=test394729740, header=test1649260225, footer=test1035273187], GroupData [groupname=test394729740, header=test1649260225, footer=test1035273187], GroupData [groupname=test394729740, header=test1649260225, footer=test1035273187], GroupData [groupname=test394729740, header=test1649260225, footer=test1035273187], GroupData [groupname=test394729740, header=test1649260225, footer=test1035273187], GroupData [groupname=test394729740, header=test1649260225, footer=test1035273187], GroupData [groupname=test394729740, header=test1649260225, footer=test1035273187], GroupData [groupname=test520420552, header=, footer=test1217448102], GroupData [groupname=test614761133, header=test201868958, footer=test687182228], GroupData [groupname=test614761133, header=test201868958, footer=test687182228], GroupData [groupname=test614761133, header=test201868958, footer=test687182228], GroupData [groupname=test614761133, header=test201868958, footer=test687182228], GroupData [groupname=test614761133, header=test201868958, footer=test687182228], GroupData [groupname=test614761133, header=test201868958, footer=test687182228], GroupData [groupname=test614761133, header=test201868958, footer=test687182228], GroupData [groupname=test614761133, header=test201868958, footer=test687182228], GroupData [groupname=test614761133, header=test201868958, footer=test687182228], GroupData [groupname=test614761133, header=test201868958, footer=test687182228], GroupData [groupname=test614761133, header=test201868958, footer=test687182228], GroupData [groupname=test614761133, header=test201868958, footer=test687182228], GroupData [groupname=test614761133, header=test201868958, footer=test687182228], GroupData [groupname=test614761133, header=test201868958, footer=test687182228], GroupData [groupname=test614761133, header=test201868958, footer=test687182228], GroupData [groupname=test933331072, header=, footer=]]&gt;">
      <![CDATA[java.lang.AssertionError: 
Expected: <[GroupData [groupname=, header=, footer=], GroupData [groupname=, header=, footer=], GroupData [groupname=, header=test-7696145, footer=test1281546105], GroupData [groupname=, header=test-28933568, footer=test796209157], GroupData [groupname=, header=test1977153512, footer=test-282390619], GroupData [groupname=, header=test766007947, footer=test1463959822], GroupData [groupname=, header=test-869467770, footer=test-3394598], GroupData [groupname=, header=, footer=test-1605759156], GroupData [groupname=, header=test-127327364, footer=test-798428747], GroupData [groupname=, header=test254720562, footer=test1303111178], GroupData [groupname=, header=, footer=test-374812861], GroupData [groupname=, header=test-1163035059, footer=test-1659132907], GroupData [groupname=, header=test-1134162023, footer=test325688655], GroupData [groupname=, header=test-2094064914, footer=test-1733656698], GroupData [groupname=, header=, footer=], GroupData [groupname=, header=, footer=], GroupData [groupname=, header=test1522834217
    test
    test
    test, footer=test1658245757
    test
    test
    test], GroupData [groupname=, header=, footer=], GroupData [groupname=, header=, footer=], GroupData [groupname=, header=test1522834217
    test
    test
    test, footer=test1658245757
    test
    test
    test], GroupData [groupname=, header=, footer=], GroupData [groupname=, header=test1522834217
    test
    test
    test, footer=test1658245757
    test
    test
    test], GroupData [groupname=, header=, footer=], GroupData [groupname=, header=test1522834217
    test
    test
    test, footer=test1658245757
    test
    test
    test], GroupData [groupname=, header=, footer=], GroupData [groupname=, header=test1522834217
    test
    test
    test, footer=test1658245757
    test
    test
    test], GroupData [groupname=, header=, footer=], GroupData [groupname=, header=test1522834217
    test
    test
    test, footer=test1658245757
    test
    test
    test], GroupData [groupname=, header=test1522834217
    test
    test
    test, footer=test1658245757
    test
    test
    test], GroupData [groupname=, header=, footer=], GroupData [groupname=, header=test1522834217
    test
    test
    test, footer=test1658245757
    test
    test
    test], GroupData [groupname=, header=, footer=], GroupData [groupname=, header=test1522834217
    test
    test
    test, footer=test1658245757
    test
    test
    test], GroupData [groupname=, header=test1192129799, footer=test-443108419], GroupData [groupname=, header=test1192129799, footer=test-443108419], GroupData [groupname=, header=test1192129799, footer=test-443108419], GroupData [groupname=, header=test1192129799, footer=test-443108419], GroupData [groupname=, header=test1192129799, footer=test-443108419], GroupData [groupname=, header=test1192129799, footer=test-443108419], GroupData [groupname=, header=test1192129799, footer=test-443108419], GroupData [groupname=, header=test1192129799, footer=test-443108419], GroupData [groupname=test-1117940062, header=test172594901, footer=], GroupData [groupname=test-1123208261, header=test-557351186, footer=], GroupData [groupname=test-1123208261, header=test-557351186, footer=], GroupData [groupname=test-1123208261, header=test-557351186, footer=], GroupData [groupname=test-1123208261, header=test-557351186, footer=], GroupData [groupname=test-1123208261, header=test-557351186, footer=], GroupData [groupname=test-1123208261, header=test-557351186, footer=], GroupData [groupname=test-1123208261, header=test-557351186, footer=], GroupData [groupname=test-1123208261, header=test-557351186, footer=], GroupData [groupname=test-1128990657, header=, footer=], GroupData [groupname=test-1207430305, header=, footer=test-1199068333], GroupData [groupname=test-1207430305, header=, footer=test-1199068333], GroupData [groupname=test-1207430305, header=, footer=test-1199068333], GroupData [groupname=test-1207430305, header=, footer=test-1199068333], GroupData [groupname=test-1207430305, header=, footer=test-1199068333], GroupData [groupname=test-1207430305, header=, footer=test-1199068333], GroupData [groupname=test-1207430305, header=, footer=test-1199068333], GroupData [groupname=test-1207430305, header=, footer=test-1199068333], GroupData [groupname=test-1207430305, header=, footer=test-1199068333], GroupData [groupname=test-1207430305, header=, footer=test-1199068333], GroupData [groupname=test-1207430305, header=, footer=test-1199068333], GroupData [groupname=test-1207430305, header=, footer=test-1199068333], GroupData [groupname=test-1207430305, header=, footer=test-1199068333], GroupData [groupname=test-1207430305, header=, footer=test-1199068333], GroupData [groupname=test-1207430305, header=, footer=test-1199068333], GroupData [groupname=test-1207430305, header=, footer=test-1199068333], GroupData [groupname=test-1300029369, header=, footer=], GroupData [groupname=test-1384737610, header=, footer=test-702403403], GroupData [groupname=test-1384737610, header=, footer=test-702403403], GroupData [groupname=test-1384737610, header=, footer=test-702403403], GroupData [groupname=test-1384737610, header=, footer=test-702403403], GroupData [groupname=test-1384737610, header=, footer=test-702403403], GroupData [groupname=test-1384737610, header=, footer=test-702403403], GroupData [groupname=test-1384737610, header=, footer=test-702403403], GroupData [groupname=test-1384737610, header=, footer=test-702403403], GroupData [groupname=test-1408550444, header=, footer=], GroupData [groupname=test-1436371317, header=test-1045760595, footer=test30087163], GroupData [groupname=test-1437594474, header=, footer=test723868386], GroupData [groupname=test-1566963553, header=, footer=], GroupData [groupname=test-1573929601, header=test1515956214, footer=], GroupData [groupname=test-1637551179, header=test1453195656, footer=test-2129281770], GroupData [groupname=test-1637551179, header=test1453195656, footer=test-2129281770], GroupData [groupname=test-1637551179, header=test1453195656, footer=test-2129281770], GroupData [groupname=test-1637551179, header=test1453195656, footer=test-2129281770], GroupData [groupname=test-1637551179, header=test1453195656, footer=test-2129281770], GroupData [groupname=test-1637551179, header=test1453195656, footer=test-2129281770], GroupData [groupname=test-1637551179, header=test1453195656, footer=test-2129281770], GroupData [groupname=test-1637551179, header=test1453195656, footer=test-2129281770], GroupData [groupname=test-1694134686, header=, footer=], GroupData [groupname=test-2024271628, header=test1483143870, footer=test1739870918], GroupData [groupname=test-2128580035, header=test632894331, footer=test899278140], GroupData [groupname=test-483572946, header=test834150579, footer=test-2080528846], GroupData [groupname=test-483572946, header=test834150579, footer=test-2080528846], GroupData [groupname=test-483572946, header=test834150579, footer=test-2080528846], GroupData [groupname=test-483572946, header=test834150579, footer=test-2080528846], GroupData [groupname=test-483572946, header=test834150579, footer=test-2080528846], GroupData [groupname=test-483572946, header=test834150579, footer=test-2080528846], GroupData [groupname=test-483572946, header=test834150579, footer=test-2080528846], GroupData [groupname=test-483572946, header=test834150579, footer=test-2080528846], GroupData [groupname=test-497976298, header=, footer=], GroupData [groupname=test-693446540, header=test-1340862444, footer=test249219309], GroupData [groupname=test1627849933, header=test1898495935, footer=test932229050], GroupData [groupname=test1680017773, header=test-1610649772, footer=], GroupData [groupname=test1746987500, header=, footer=test980733480], GroupData [groupname=test1847486759, header=test-1616925871, footer=test559446116], GroupData [groupname=test1909396955, header=, footer=], GroupData [groupname=test1909396955, header=, footer=], GroupData [groupname=test1909396955, header=, footer=], GroupData [groupname=test1909396955, header=, footer=], GroupData [groupname=test1909396955, header=, footer=], GroupData [groupname=test1909396955, header=, footer=], GroupData [groupname=test1909396955, header=, footer=], GroupData [groupname=test1909396955, header=, footer=], GroupData [groupname=test1918839251, header=test1842561135, footer=test-1038902779], GroupData [groupname=test1918839251, header=test1842561135, footer=test-1038902779], GroupData [groupname=test1918839251, header=test1842561135, footer=test-1038902779], GroupData [groupname=test1918839251, header=test1842561135, footer=test-1038902779], GroupData [groupname=test1918839251, header=test1842561135, footer=test-1038902779], GroupData [groupname=test1918839251, header=test1842561135, footer=test-1038902779], GroupData [groupname=test1918839251, header=test1842561135, footer=test-1038902779], GroupData [groupname=test1918839251, header=test1842561135, footer=test-1038902779], GroupData [groupname=test343725202, header=test256756338, footer=], GroupData [groupname=test394729740, header=test1649260225, footer=test1035273187], GroupData [groupname=test394729740, header=test1649260225, footer=test1035273187], GroupData [groupname=test394729740, header=test1649260225, footer=test1035273187], GroupData [groupname=test394729740, header=test1649260225, footer=test1035273187], GroupData [groupname=test394729740, header=test1649260225, footer=test1035273187], GroupData [groupname=test394729740, header=test1649260225, footer=test1035273187], GroupData [groupname=test394729740, header=test1649260225, footer=test1035273187], GroupData [groupname=test394729740, header=test1649260225, footer=test1035273187], GroupData [groupname=test520420552, header=, footer=test1217448102], GroupData [groupname=test614761133, header=test201868958, footer=test687182228], GroupData [groupname=test614761133, header=test201868958, footer=test687182228], GroupData [groupname=test614761133, header=test201868958, footer=test687182228], GroupData [groupname=test614761133, header=test201868958, footer=test687182228], GroupData [groupname=test614761133, header=test201868958, footer=test687182228], GroupData [groupname=test614761133, header=test201868958, footer=test687182228], GroupData [groupname=test614761133, header=test201868958, footer=test687182228], GroupData [groupname=test614761133, header=test201868958, footer=test687182228], GroupData [groupname=test614761133, header=test201868958, footer=test687182228], GroupData [groupname=test614761133, header=test201868958, footer=test687182228], GroupData [groupname=test614761133, header=test201868958, footer=test687182228], GroupData [groupname=test614761133, header=test201868958, footer=test687182228], GroupData [groupname=test614761133, header=test201868958, footer=test687182228], GroupData [groupname=test614761133, header=test201868958, footer=test687182228], GroupData [groupname=test614761133, header=test201868958, footer=test687182228], GroupData [groupname=test933331072, header=, footer=]]]]><![CDATA[>
     but: was <[GroupData [groupname=, header=, footer=], GroupData [groupname=, header=, footer=], GroupData [groupname=, header=test-7696145, footer=test1281546105], GroupData [groupname=, header=test-28933568, footer=test796209157], GroupData [groupname=, header=test1977153512, footer=test-282390619], GroupData [groupname=, header=test766007947, footer=test1463959822], GroupData [groupname=, header=test-869467770, footer=test-3394598], GroupData [groupname=, header=, footer=test-1605759156], GroupData [groupname=, header=test-127327364, footer=test-798428747], GroupData [groupname=, header=test254720562, footer=test1303111178], GroupData [groupname=, header=, footer=test-374812861], GroupData [groupname=, header=test-1163035059, footer=test-1659132907], GroupData [groupname=, header=test-1134162023, footer=test325688655], GroupData [groupname=, header=test-2094064914, footer=test-1733656698], GroupData [groupname=, header=, footer=], GroupData [groupname=, header=, footer=], GroupData [groupname=, header=test1522834217
    test
    test
    test, footer=test1658245757
    test
    test
    test], GroupData [groupname=, header=, footer=], GroupData [groupname=, header=, footer=], GroupData [groupname=, header=test1522834217
    test
    test
    test, footer=test1658245757
    test
    test
    test], GroupData [groupname=, header=, footer=], GroupData [groupname=, header=test1522834217
    test
    test
    test, footer=test1658245757
    test
    test
    test], GroupData [groupname=, header=, footer=], GroupData [groupname=, header=test1522834217
    test
    test
    test, footer=test1658245757
    test
    test
    test], GroupData [groupname=, header=, footer=], GroupData [groupname=, header=test1522834217
    test
    test
    test, footer=test1658245757
    test
    test
    test], GroupData [groupname=, header=, footer=], GroupData [groupname=, header=test1522834217
    test
    test
    test, footer=test1658245757
    test
    test
    test], GroupData [groupname=, header=test1522834217
    test
    test
    test, footer=test1658245757
    test
    test
    test], GroupData [groupname=, header=, footer=], GroupData [groupname=, header=test1522834217
    test
    test
    test, footer=test1658245757
    test
    test
    test], GroupData [groupname=, header=, footer=], GroupData [groupname=, header=test1522834217
    test
    test
    test, footer=test1658245757
    test
    test
    test], GroupData [groupname=, header=test1192129799, footer=test-443108419], GroupData [groupname=, header=test1192129799, footer=test-443108419], GroupData [groupname=, header=test1192129799, footer=test-443108419], GroupData [groupname=, header=test1192129799, footer=test-443108419], GroupData [groupname=, header=test1192129799, footer=test-443108419], GroupData [groupname=, header=test1192129799, footer=test-443108419], GroupData [groupname=, header=test1192129799, footer=test-443108419], GroupData [groupname=, header=test1192129799, footer=test-443108419], GroupData [groupname=test-1117940062, header=test172594901, footer=], GroupData [groupname=test-1123208261, header=test-557351186, footer=], GroupData [groupname=test-1123208261, header=test-557351186, footer=], GroupData [groupname=test-1123208261, header=test-557351186, footer=], GroupData [groupname=test-1123208261, header=test-557351186, footer=], GroupData [groupname=test-1123208261, header=test-557351186, footer=], GroupData [groupname=test-1123208261, header=test-557351186, footer=], GroupData [groupname=test-1123208261, header=test-557351186, footer=], GroupData [groupname=test-1123208261, header=test-557351186, footer=], GroupData [groupname=test-1128990657, header=, footer=], GroupData [groupname=test-1207430305, header=, footer=test-1199068333], GroupData [groupname=test-1207430305, header=, footer=test-1199068333], GroupData [groupname=test-1207430305, header=, footer=test-1199068333], GroupData [groupname=test-1207430305, header=, footer=test-1199068333], GroupData [groupname=test-1207430305, header=, footer=test-1199068333], GroupData [groupname=test-1207430305, header=, footer=test-1199068333], GroupData [groupname=test-1207430305, header=, footer=test-1199068333], GroupData [groupname=test-1207430305, header=, footer=test-1199068333], GroupData [groupname=test-1207430305, header=, footer=test-1199068333], GroupData [groupname=test-1207430305, header=, footer=test-1199068333], GroupData [groupname=test-1207430305, header=, footer=test-1199068333], GroupData [groupname=test-1207430305, header=, footer=test-1199068333], GroupData [groupname=test-1207430305, header=, footer=test-1199068333], GroupData [groupname=test-1207430305, header=, footer=test-1199068333], GroupData [groupname=test-1207430305, header=, footer=test-1199068333], GroupData [groupname=test-1300029369, header=, footer=], GroupData [groupname=test-1384737610, header=, footer=test-702403403], GroupData [groupname=test-1384737610, header=, footer=test-702403403], GroupData [groupname=test-1384737610, header=, footer=test-702403403], GroupData [groupname=test-1384737610, header=, footer=test-702403403], GroupData [groupname=test-1384737610, header=, footer=test-702403403], GroupData [groupname=test-1384737610, header=, footer=test-702403403], GroupData [groupname=test-1384737610, header=, footer=test-702403403], GroupData [groupname=test-1384737610, header=, footer=test-702403403], GroupData [groupname=test-1408550444, header=, footer=], GroupData [groupname=test-1436371317, header=test-1045760595, footer=test30087163], GroupData [groupname=test-1437594474, header=, footer=test723868386], GroupData [groupname=test-1566963553, header=, footer=], GroupData [groupname=test-1573929601, header=test1515956214, footer=], GroupData [groupname=test-1637551179, header=test1453195656, footer=test-2129281770], GroupData [groupname=test-1637551179, header=test1453195656, footer=test-2129281770], GroupData [groupname=test-1637551179, header=test1453195656, footer=test-2129281770], GroupData [groupname=test-1637551179, header=test1453195656, footer=test-2129281770], GroupData [groupname=test-1637551179, header=test1453195656, footer=test-2129281770], GroupData [groupname=test-1637551179, header=test1453195656, footer=test-2129281770], GroupData [groupname=test-1637551179, header=test1453195656, footer=test-2129281770], GroupData [groupname=test-1637551179, header=test1453195656, footer=test-2129281770], GroupData [groupname=test-1694134686, header=, footer=], GroupData [groupname=test-2024271628, header=test1483143870, footer=test1739870918], GroupData [groupname=test-2128580035, header=test632894331, footer=test899278140], GroupData [groupname=test-483572946, header=test834150579, footer=test-2080528846], GroupData [groupname=test-483572946, header=test834150579, footer=test-2080528846], GroupData [groupname=test-483572946, header=test834150579, footer=test-2080528846], GroupData [groupname=test-483572946, header=test834150579, footer=test-2080528846], GroupData [groupname=test-483572946, header=test834150579, footer=test-2080528846], GroupData [groupname=test-483572946, header=test834150579, footer=test-2080528846], GroupData [groupname=test-483572946, header=test834150579, footer=test-2080528846], GroupData [groupname=test-483572946, header=test834150579, footer=test-2080528846], GroupData [groupname=test-497976298, header=, footer=], GroupData [groupname=test-693446540, header=test-1340862444, footer=test249219309], GroupData [groupname=test1627849933, header=test1898495935, footer=test932229050], GroupData [groupname=test1680017773, header=test-1610649772, footer=], GroupData [groupname=test1746987500, header=, footer=test980733480], GroupData [groupname=test1847486759, header=test-1616925871, footer=test559446116], GroupData [groupname=test1909396955, header=, footer=], GroupData [groupname=test1909396955, header=, footer=], GroupData [groupname=test1909396955, header=, footer=], GroupData [groupname=test1909396955, header=, footer=], GroupData [groupname=test1909396955, header=, footer=], GroupData [groupname=test1909396955, header=, footer=], GroupData [groupname=test1909396955, header=, footer=], GroupData [groupname=test1909396955, header=, footer=], GroupData [groupname=test1918839251, header=test1842561135, footer=test-1038902779], GroupData [groupname=test1918839251, header=test1842561135, footer=test-1038902779], GroupData [groupname=test1918839251, header=test1842561135, footer=test-1038902779], GroupData [groupname=test1918839251, header=test1842561135, footer=test-1038902779], GroupData [groupname=test1918839251, header=test1842561135, footer=test-1038902779], GroupData [groupname=test1918839251, header=test1842561135, footer=test-1038902779], GroupData [groupname=test1918839251, header=test1842561135, footer=test-1038902779], GroupData [groupname=test1918839251, header=test1842561135, footer=test-1038902779], GroupData [groupname=test343725202, header=test256756338, footer=], GroupData [groupname=test394729740, header=test1649260225, footer=test1035273187], GroupData [groupname=test394729740, header=test1649260225, footer=test1035273187], GroupData [groupname=test394729740, header=test1649260225, footer=test1035273187], GroupData [groupname=test394729740, header=test1649260225, footer=test1035273187], GroupData [groupname=test394729740, header=test1649260225, footer=test1035273187], GroupData [groupname=test394729740, header=test1649260225, footer=test1035273187], GroupData [groupname=test394729740, header=test1649260225, footer=test1035273187], GroupData [groupname=test394729740, header=test1649260225, footer=test1035273187], GroupData [groupname=test520420552, header=, footer=test1217448102], GroupData [groupname=test614761133, header=test201868958, footer=test687182228], GroupData [groupname=test614761133, header=test201868958, footer=test687182228], GroupData [groupname=test614761133, header=test201868958, footer=test687182228], GroupData [groupname=test614761133, header=test201868958, footer=test687182228], GroupData [groupname=test614761133, header=test201868958, footer=test687182228], GroupData [groupname=test614761133, header=test201868958, footer=test687182228], GroupData [groupname=test614761133, header=test201868958, footer=test687182228], GroupData [groupname=test614761133, header=test201868958, footer=test687182228], GroupData [groupname=test614761133, header=test201868958, footer=test687182228], GroupData [groupname=test614761133, header=test201868958, footer=test687182228], GroupData [groupname=test614761133, header=test201868958, footer=test687182228], GroupData [groupname=test614761133, header=test201868958, footer=test687182228], GroupData [groupname=test614761133, header=test201868958, footer=test687182228], GroupData [groupname=test614761133, header=test201868958, footer=test687182228], GroupData [groupname=test614761133, header=test201868958, footer=test687182228], GroupData [groupname=test933331072, header=, footer=]]]]><![CDATA[>
	at org.hamcrest.MatcherAssert.assertThat(MatcherAssert.java:20)
	at org.junit.Assert.assertThat(Assert.java:865)
	at org.junit.Assert.assertThat(Assert.java:832)
	at com.example.tests.GroupCreation.testGroupCreationWithValidData(GroupCreation.java:49)
	at sun.reflect.NativeMethodAccessorImpl.invoke0(Native Method)
	at sun.reflect.NativeMethodAccessorImpl.invoke(Unknown Source)
	at sun.reflect.DelegatingMethodAccessorImpl.invoke(Unknown Source)
	at java.lang.reflect.Method.invoke(Unknown Source)
	at org.testng.internal.MethodInvocationHelper.invokeMethod(MethodInvocationHelper.java:84)
	at org.testng.internal.Invoker.invokeMethod(Invoker.java:714)
	at org.testng.internal.Invoker.invokeTestMethod(Invoker.java:901)
	at org.testng.internal.Invoker.invokeTestMethods(Invoker.java:1231)
	at org.testng.internal.TestMethodWorker.invokeTestMethods(TestMethodWorker.java:127)
	at org.testng.internal.TestMethodWorker.run(TestMethodWorker.java:111)
	at org.testng.TestRunner.privateRun(TestRunner.java:767)
	at org.testng.TestRunner.run(TestRunner.java:617)
	at org.testng.SuiteRunner.runTest(SuiteRunner.java:334)
	at org.testng.SuiteRunner.runSequentially(SuiteRunner.java:329)
	at org.testng.SuiteRunner.privateRun(SuiteRunner.java:291)
	at org.testng.SuiteRunner.run(SuiteRunner.java:240)
	at org.testng.SuiteRunnerWorker.runSuite(SuiteRunnerWorker.java:52)
	at org.testng.SuiteRunnerWorker.run(SuiteRunnerWorker.java:86)
	at org.testng.TestNG.runSuitesSequentially(TestNG.java:1224)
	at org.testng.TestNG.runSuitesLocally(TestNG.java:1149)
	at org.testng.TestNG.run(TestNG.java:1057)
	at org.testng.remote.RemoteTestNG.run(RemoteTestNG.java:111)
	at org.testng.remote.RemoteTestNG.initAndRun(RemoteTestNG.java:204)
	at org.testng.remote.RemoteTestNG.main(RemoteTestNG.java:175)
]]>
    </error>
  </testcase> <!-- testGroupCreationWithValidData -->
</testsuite> <!-- com.example.tests.GroupCreation -->
