<?xml version="1.0" encoding="UTF-8"?>
<!-- Generated by org.testng.reporters.JUnitReportReporter -->
<testsuite hostname="Наташа-HP" name="com.example.tests.GroupRemovalTests" tests="1" failures="0" timestamp="6 Sep 2015 19:38:34 GMT" time="5.201" errors="0">
  <testcase name="deleteSomeGroup" time="5.201" classname="com.example.tests.GroupRemovalTests"/>
</testsuite> <!-- com.example.tests.GroupRemovalTests -->
