<?xml version="1.0" encoding="UTF-8"?>
<!-- Generated by org.testng.reporters.JUnitReportReporter -->
<testsuite hostname="Наташа-HP" name="com.example.tests.GroupCreation" tests="2" failures="0" timestamp="23 Aug 2015 20:04:48 GMT" time="6.616" errors="0">
  <testcase name="testNonEmptyGroupCreation" time="3.256" classname="com.example.tests.GroupCreation"/>
  <testcase name="testEmptyGroupCreation" time="3.360" classname="com.example.tests.GroupCreation"/>
</testsuite> <!-- com.example.tests.GroupCreation -->
