<?xml version="1.0" encoding="UTF-8"?>
<!-- Generated by org.testng.reporters.JUnitReportReporter -->
<testsuite hostname="Наташа-HP" name="com.example.tests.AlsoGroupCreation" tests="2" failures="0" timestamp="23 Aug 2015 13:46:56 GMT" time="5.231" errors="0">
  <testcase name="testEmptyGroupCreation" time="2.711" classname="com.example.tests.AlsoGroupCreation"/>
  <testcase name="testNonEmptyGroupCreation" time="2.520" classname="com.example.tests.AlsoGroupCreation"/>
</testsuite> <!-- com.example.tests.AlsoGroupCreation -->
