<?xml version="1.0" encoding="UTF-8"?>
<!-- Generated by org.testng.reporters.JUnitReportReporter -->
<testsuite hostname="Наташа-HP" name="com.example.tests.NewContactCreation" tests="2" failures="0" timestamp="23 Aug 2015 20:04:48 GMT" time="9.178" errors="0">
  <testcase name="addNewNotEmptyContact" time="5.434" classname="com.example.tests.NewContactCreation"/>
  <testcase name="addNewEmptyContact" time="3.744" classname="com.example.tests.NewContactCreation"/>
</testsuite> <!-- com.example.tests.NewContactCreation -->
