<?xml version="1.0" encoding="UTF-8"?>
<!-- Generated by org.testng.reporters.JUnitReportReporter -->
<testsuite hostname="Наташа-HP" name="com.example.tests.ContactRemovalTests" tests="1" failures="0" timestamp="16 Oct 2015 11:57:53 GMT" time="27.277" errors="1">
  <testcase name="deleteSomeContact" time="27.277" classname="com.example.tests.ContactRemovalTests">
    <error type="java.lang.AssertionError" message="
Expected: &lt;[ContactData [firstname=], ContactData [firstname=], ContactData [firstname=], ContactData [firstname=], ContactData [firstname=], ContactData [firstname=], ContactData [firstname=], ContactData [firstname=], ContactData [firstname=], ContactData [firstname=], ContactData [firstname=], ContactData [firstname=], ContactData [firstname=], ContactData [firstname=], ContactData [firstname=], ContactData [firstname=], ContactData [firstname=], ContactData [firstname=], ContactData [firstname=], ContactData [firstname=], ContactData [firstname=], ContactData [firstname=], ContactData [firstname=], ContactData [firstname=], ContactData [firstname=], ContactData [firstname=], ContactData [firstname=], ContactData [firstname=], ContactData [firstname=], ContactData [firstname=], ContactData [firstname=], ContactData [firstname=], ContactData [firstname=], ContactData [firstname=], ContactData [firstname=], ContactData [firstname=], ContactData [firstname=], ContactData [firstname=], ContactData [firstname=], ContactData [firstname=], ContactData [firstname=], ContactData [firstname=], ContactData [firstname=], ContactData [firstname=], ContactData [firstname=], ContactData [firstname=], ContactData [firstname=], ContactData [firstname=ff], ContactData [firstname=nge], ContactData [firstname=nge], ContactData [firstname=test-1026541242], ContactData [firstname=test-115355843], ContactData [firstname=test-1159262665], ContactData [firstname=test-1366006067], ContactData [firstname=test-1382347644], ContactData [firstname=test-1382347644], ContactData [firstname=test-1405584446], ContactData [firstname=test-1407268541], ContactData [firstname=test-1446079218], ContactData [firstname=test-1450073203], ContactData [firstname=test-1481721026], ContactData [firstname=test-1483220226], ContactData [firstname=test-1526558945], ContactData [firstname=test-1554199616], ContactData [firstname=test-1554199616], ContactData [firstname=test-1554199616], ContactData [firstname=test-1554199616], ContactData [firstname=test-1554199616], ContactData [firstname=test-1554199616], ContactData [firstname=test-1554199616], ContactData [firstname=test-1554199616], ContactData [firstname=test-1554199616], ContactData [firstname=test-1560182741], ContactData [firstname=test-1564597290], ContactData [firstname=test-1669524933], ContactData [firstname=test-1670113206], ContactData [firstname=test-1676940778], ContactData [firstname=test-1726405075], ContactData [firstname=test-1832269041], ContactData [firstname=test-1832269041], ContactData [firstname=test-1832269041], ContactData [firstname=test-1832269041], ContactData [firstname=test-1832269041], ContactData [firstname=test-1832269041], ContactData [firstname=test-1832269041], ContactData [firstname=test-1832269041], ContactData [firstname=test-1832269041], ContactData [firstname=test-1832269041], ContactData [firstname=test-1832269041], ContactData [firstname=test-1832269041], ContactData [firstname=test-1832269041], ContactData [firstname=test-1832269041], ContactData [firstname=test-1832269041], ContactData [firstname=test-1890661568], ContactData [firstname=test-1967949319], ContactData [firstname=test-1985556053], ContactData [firstname=test-2014355755], ContactData [firstname=test-2060808412], ContactData [firstname=test-2085580682], ContactData [firstname=test-2085580682], ContactData [firstname=test-2085580682], ContactData [firstname=test-2100818344], ContactData [firstname=test-210088435], ContactData [firstname=test-2103875376], ContactData [firstname=test-2106009439], ContactData [firstname=test-2106986598], ContactData [firstname=test-2140301651], ContactData [firstname=test-214498748], ContactData [firstname=test-261632808], ContactData [firstname=test-303786653], ContactData [firstname=test-369197831], ContactData [firstname=test-369197831], ContactData [firstname=test-369197831], ContactData [firstname=test-377432173], ContactData [firstname=test-399975013], ContactData [firstname=test-431049103], ContactData [firstname=test-447111317], ContactData [firstname=test-4799080], ContactData [firstname=test-508321451], ContactData [firstname=test-510518985], ContactData [firstname=test-58248538], ContactData [firstname=test-616040920], ContactData [firstname=test-622818001], ContactData [firstname=test-628592392], ContactData [firstname=test-645489889], ContactData [firstname=test-646348042], ContactData [firstname=test-660890459], ContactData [firstname=test-660890459], ContactData [firstname=test-660890459], ContactData [firstname=test-701995673], ContactData [firstname=test-731599653], ContactData [firstname=test-762283220], ContactData [firstname=test-805430154], ContactData [firstname=test-864151823], ContactData [firstname=test-903129249], ContactData [firstname=test1007986375], ContactData [firstname=test1038039150], ContactData [firstname=test1058309585], ContactData [firstname=test1115037537], ContactData [firstname=test1116051858], ContactData [firstname=test1149387957], ContactData [firstname=test114997939], ContactData [firstname=test116488549], ContactData [firstname=test1180986818], ContactData [firstname=test1243606793], ContactData [firstname=test1268189702], ContactData [firstname=test1272285966], ContactData [firstname=test1339087730], ContactData [firstname=test1465153789], ContactData [firstname=test1468935941], ContactData [firstname=test1549466889], ContactData [firstname=test1652381210], ContactData [firstname=test1680356584], ContactData [firstname=test1724147128], ContactData [firstname=test1747707953], ContactData [firstname=test1901419731], ContactData [firstname=test1901419731], ContactData [firstname=test1901419731], ContactData [firstname=test2069375177], ContactData [firstname=test2140716310], ContactData [firstname=test221106277], ContactData [firstname=test223855190], ContactData [firstname=test253546183], ContactData [firstname=test322385526], ContactData [firstname=test351653400], ContactData [firstname=test359554411], ContactData [firstname=test388287634], ContactData [firstname=test391601277], ContactData [firstname=test398237623], ContactData [firstname=test406778220], ContactData [firstname=test475460205], ContactData [firstname=test517907398], ContactData [firstname=test518263849], ContactData [firstname=test554630965], ContactData [firstname=test560759461], ContactData [firstname=test62152744], ContactData [firstname=test640976752], ContactData [firstname=test644135212], ContactData [firstname=test668083660], ContactData [firstname=test690655779], ContactData [firstname=test69330677], ContactData [firstname=test746390657], ContactData [firstname=test751993451], ContactData [firstname=test751993451], ContactData [firstname=test751993451], ContactData [firstname=test76647629], ContactData [firstname=test785605823], ContactData [firstname=test86452833]]&gt;
     but: was &lt;[ContactData [firstname=], ContactData [firstname=], ContactData [firstname=], ContactData [firstname=], ContactData [firstname=], ContactData [firstname=], ContactData [firstname=], ContactData [firstname=], ContactData [firstname=], ContactData [firstname=], ContactData [firstname=], ContactData [firstname=], ContactData [firstname=], ContactData [firstname=], ContactData [firstname=], ContactData [firstname=], ContactData [firstname=], ContactData [firstname=], ContactData [firstname=], ContactData [firstname=], ContactData [firstname=], ContactData [firstname=], ContactData [firstname=], ContactData [firstname=], ContactData [firstname=], ContactData [firstname=], ContactData [firstname=], ContactData [firstname=], ContactData [firstname=], ContactData [firstname=], ContactData [firstname=], ContactData [firstname=], ContactData [firstname=], ContactData [firstname=], ContactData [firstname=], ContactData [firstname=], ContactData [firstname=], ContactData [firstname=], ContactData [firstname=], ContactData [firstname=], ContactData [firstname=], ContactData [firstname=], ContactData [firstname=], ContactData [firstname=], ContactData [firstname=], ContactData [firstname=], ContactData [firstname=ff], ContactData [firstname=nge], ContactData [firstname=nge], ContactData [firstname=test-1026541242], ContactData [firstname=test-115355843], ContactData [firstname=test-1159262665], ContactData [firstname=test-1366006067], ContactData [firstname=test-1382347644], ContactData [firstname=test-1382347644], ContactData [firstname=test-1382347644], ContactData [firstname=test-1405584446], ContactData [firstname=test-1407268541], ContactData [firstname=test-1446079218], ContactData [firstname=test-1450073203], ContactData [firstname=test-1481721026], ContactData [firstname=test-1483220226], ContactData [firstname=test-1526558945], ContactData [firstname=test-1554199616], ContactData [firstname=test-1554199616], ContactData [firstname=test-1554199616], ContactData [firstname=test-1554199616], ContactData [firstname=test-1554199616], ContactData [firstname=test-1554199616], ContactData [firstname=test-1554199616], ContactData [firstname=test-1554199616], ContactData [firstname=test-1554199616], ContactData [firstname=test-1560182741], ContactData [firstname=test-1564597290], ContactData [firstname=test-1669524933], ContactData [firstname=test-1670113206], ContactData [firstname=test-1676940778], ContactData [firstname=test-1726405075], ContactData [firstname=test-1832269041], ContactData [firstname=test-1832269041], ContactData [firstname=test-1832269041], ContactData [firstname=test-1832269041], ContactData [firstname=test-1832269041], ContactData [firstname=test-1832269041], ContactData [firstname=test-1832269041], ContactData [firstname=test-1832269041], ContactData [firstname=test-1832269041], ContactData [firstname=test-1832269041], ContactData [firstname=test-1832269041], ContactData [firstname=test-1832269041], ContactData [firstname=test-1832269041], ContactData [firstname=test-1832269041], ContactData [firstname=test-1832269041], ContactData [firstname=test-1890661568], ContactData [firstname=test-1967949319], ContactData [firstname=test-1985556053], ContactData [firstname=test-2014355755], ContactData [firstname=test-2060808412], ContactData [firstname=test-2085580682], ContactData [firstname=test-2085580682], ContactData [firstname=test-2085580682], ContactData [firstname=test-2100818344], ContactData [firstname=test-210088435], ContactData [firstname=test-2103875376], ContactData [firstname=test-2106009439], ContactData [firstname=test-2106986598], ContactData [firstname=test-2140301651], ContactData [firstname=test-214498748], ContactData [firstname=test-261632808], ContactData [firstname=test-303786653], ContactData [firstname=test-369197831], ContactData [firstname=test-369197831], ContactData [firstname=test-369197831], ContactData [firstname=test-377432173], ContactData [firstname=test-399975013], ContactData [firstname=test-431049103], ContactData [firstname=test-447111317], ContactData [firstname=test-4799080], ContactData [firstname=test-508321451], ContactData [firstname=test-510518985], ContactData [firstname=test-58248538], ContactData [firstname=test-616040920], ContactData [firstname=test-622818001], ContactData [firstname=test-628592392], ContactData [firstname=test-645489889], ContactData [firstname=test-646348042], ContactData [firstname=test-660890459], ContactData [firstname=test-660890459], ContactData [firstname=test-660890459], ContactData [firstname=test-701995673], ContactData [firstname=test-731599653], ContactData [firstname=test-762283220], ContactData [firstname=test-805430154], ContactData [firstname=test-864151823], ContactData [firstname=test-903129249], ContactData [firstname=test1007986375], ContactData [firstname=test1038039150], ContactData [firstname=test1058309585], ContactData [firstname=test1115037537], ContactData [firstname=test1116051858], ContactData [firstname=test1149387957], ContactData [firstname=test114997939], ContactData [firstname=test116488549], ContactData [firstname=test1180986818], ContactData [firstname=test1243606793], ContactData [firstname=test1268189702], ContactData [firstname=test1272285966], ContactData [firstname=test1339087730], ContactData [firstname=test1465153789], ContactData [firstname=test1468935941], ContactData [firstname=test1549466889], ContactData [firstname=test1652381210], ContactData [firstname=test1680356584], ContactData [firstname=test1724147128], ContactData [firstname=test1747707953], ContactData [firstname=test1901419731], ContactData [firstname=test1901419731], ContactData [firstname=test1901419731], ContactData [firstname=test2069375177], ContactData [firstname=test2140716310], ContactData [firstname=test221106277], ContactData [firstname=test223855190], ContactData [firstname=test253546183], ContactData [firstname=test322385526], ContactData [firstname=test351653400], ContactData [firstname=test359554411], ContactData [firstname=test388287634], ContactData [firstname=test391601277], ContactData [firstname=test398237623], ContactData [firstname=test406778220], ContactData [firstname=test475460205], ContactData [firstname=test517907398], ContactData [firstname=test518263849], ContactData [firstname=test554630965], ContactData [firstname=test560759461], ContactData [firstname=test62152744], ContactData [firstname=test640976752], ContactData [firstname=test644135212], ContactData [firstname=test668083660], ContactData [firstname=test690655779], ContactData [firstname=test69330677], ContactData [firstname=test746390657], ContactData [firstname=test751993451], ContactData [firstname=test751993451], ContactData [firstname=test751993451], ContactData [firstname=test76647629], ContactData [firstname=test785605823], ContactData [firstname=test86452833]]&gt;">
      <![CDATA[java.lang.AssertionError: 
Expected: <[ContactData [firstname=], ContactData [firstname=], ContactData [firstname=], ContactData [firstname=], ContactData [firstname=], ContactData [firstname=], ContactData [firstname=], ContactData [firstname=], ContactData [firstname=], ContactData [firstname=], ContactData [firstname=], ContactData [firstname=], ContactData [firstname=], ContactData [firstname=], ContactData [firstname=], ContactData [firstname=], ContactData [firstname=], ContactData [firstname=], ContactData [firstname=], ContactData [firstname=], ContactData [firstname=], ContactData [firstname=], ContactData [firstname=], ContactData [firstname=], ContactData [firstname=], ContactData [firstname=], ContactData [firstname=], ContactData [firstname=], ContactData [firstname=], ContactData [firstname=], ContactData [firstname=], ContactData [firstname=], ContactData [firstname=], ContactData [firstname=], ContactData [firstname=], ContactData [firstname=], ContactData [firstname=], ContactData [firstname=], ContactData [firstname=], ContactData [firstname=], ContactData [firstname=], ContactData [firstname=], ContactData [firstname=], ContactData [firstname=], ContactData [firstname=], ContactData [firstname=], ContactData [firstname=], ContactData [firstname=ff], ContactData [firstname=nge], ContactData [firstname=nge], ContactData [firstname=test-1026541242], ContactData [firstname=test-115355843], ContactData [firstname=test-1159262665], ContactData [firstname=test-1366006067], ContactData [firstname=test-1382347644], ContactData [firstname=test-1382347644], ContactData [firstname=test-1405584446], ContactData [firstname=test-1407268541], ContactData [firstname=test-1446079218], ContactData [firstname=test-1450073203], ContactData [firstname=test-1481721026], ContactData [firstname=test-1483220226], ContactData [firstname=test-1526558945], ContactData [firstname=test-1554199616], ContactData [firstname=test-1554199616], ContactData [firstname=test-1554199616], ContactData [firstname=test-1554199616], ContactData [firstname=test-1554199616], ContactData [firstname=test-1554199616], ContactData [firstname=test-1554199616], ContactData [firstname=test-1554199616], ContactData [firstname=test-1554199616], ContactData [firstname=test-1560182741], ContactData [firstname=test-1564597290], ContactData [firstname=test-1669524933], ContactData [firstname=test-1670113206], ContactData [firstname=test-1676940778], ContactData [firstname=test-1726405075], ContactData [firstname=test-1832269041], ContactData [firstname=test-1832269041], ContactData [firstname=test-1832269041], ContactData [firstname=test-1832269041], ContactData [firstname=test-1832269041], ContactData [firstname=test-1832269041], ContactData [firstname=test-1832269041], ContactData [firstname=test-1832269041], ContactData [firstname=test-1832269041], ContactData [firstname=test-1832269041], ContactData [firstname=test-1832269041], ContactData [firstname=test-1832269041], ContactData [firstname=test-1832269041], ContactData [firstname=test-1832269041], ContactData [firstname=test-1832269041], ContactData [firstname=test-1890661568], ContactData [firstname=test-1967949319], ContactData [firstname=test-1985556053], ContactData [firstname=test-2014355755], ContactData [firstname=test-2060808412], ContactData [firstname=test-2085580682], ContactData [firstname=test-2085580682], ContactData [firstname=test-2085580682], ContactData [firstname=test-2100818344], ContactData [firstname=test-210088435], ContactData [firstname=test-2103875376], ContactData [firstname=test-2106009439], ContactData [firstname=test-2106986598], ContactData [firstname=test-2140301651], ContactData [firstname=test-214498748], ContactData [firstname=test-261632808], ContactData [firstname=test-303786653], ContactData [firstname=test-369197831], ContactData [firstname=test-369197831], ContactData [firstname=test-369197831], ContactData [firstname=test-377432173], ContactData [firstname=test-399975013], ContactData [firstname=test-431049103], ContactData [firstname=test-447111317], ContactData [firstname=test-4799080], ContactData [firstname=test-508321451], ContactData [firstname=test-510518985], ContactData [firstname=test-58248538], ContactData [firstname=test-616040920], ContactData [firstname=test-622818001], ContactData [firstname=test-628592392], ContactData [firstname=test-645489889], ContactData [firstname=test-646348042], ContactData [firstname=test-660890459], ContactData [firstname=test-660890459], ContactData [firstname=test-660890459], ContactData [firstname=test-701995673], ContactData [firstname=test-731599653], ContactData [firstname=test-762283220], ContactData [firstname=test-805430154], ContactData [firstname=test-864151823], ContactData [firstname=test-903129249], ContactData [firstname=test1007986375], ContactData [firstname=test1038039150], ContactData [firstname=test1058309585], ContactData [firstname=test1115037537], ContactData [firstname=test1116051858], ContactData [firstname=test1149387957], ContactData [firstname=test114997939], ContactData [firstname=test116488549], ContactData [firstname=test1180986818], ContactData [firstname=test1243606793], ContactData [firstname=test1268189702], ContactData [firstname=test1272285966], ContactData [firstname=test1339087730], ContactData [firstname=test1465153789], ContactData [firstname=test1468935941], ContactData [firstname=test1549466889], ContactData [firstname=test1652381210], ContactData [firstname=test1680356584], ContactData [firstname=test1724147128], ContactData [firstname=test1747707953], ContactData [firstname=test1901419731], ContactData [firstname=test1901419731], ContactData [firstname=test1901419731], ContactData [firstname=test2069375177], ContactData [firstname=test2140716310], ContactData [firstname=test221106277], ContactData [firstname=test223855190], ContactData [firstname=test253546183], ContactData [firstname=test322385526], ContactData [firstname=test351653400], ContactData [firstname=test359554411], ContactData [firstname=test388287634], ContactData [firstname=test391601277], ContactData [firstname=test398237623], ContactData [firstname=test406778220], ContactData [firstname=test475460205], ContactData [firstname=test517907398], ContactData [firstname=test518263849], ContactData [firstname=test554630965], ContactData [firstname=test560759461], ContactData [firstname=test62152744], ContactData [firstname=test640976752], ContactData [firstname=test644135212], ContactData [firstname=test668083660], ContactData [firstname=test690655779], ContactData [firstname=test69330677], ContactData [firstname=test746390657], ContactData [firstname=test751993451], ContactData [firstname=test751993451], ContactData [firstname=test751993451], ContactData [firstname=test76647629], ContactData [firstname=test785605823], ContactData [firstname=test86452833]]]]><![CDATA[>
     but: was <[ContactData [firstname=], ContactData [firstname=], ContactData [firstname=], ContactData [firstname=], ContactData [firstname=], ContactData [firstname=], ContactData [firstname=], ContactData [firstname=], ContactData [firstname=], ContactData [firstname=], ContactData [firstname=], ContactData [firstname=], ContactData [firstname=], ContactData [firstname=], ContactData [firstname=], ContactData [firstname=], ContactData [firstname=], ContactData [firstname=], ContactData [firstname=], ContactData [firstname=], ContactData [firstname=], ContactData [firstname=], ContactData [firstname=], ContactData [firstname=], ContactData [firstname=], ContactData [firstname=], ContactData [firstname=], ContactData [firstname=], ContactData [firstname=], ContactData [firstname=], ContactData [firstname=], ContactData [firstname=], ContactData [firstname=], ContactData [firstname=], ContactData [firstname=], ContactData [firstname=], ContactData [firstname=], ContactData [firstname=], ContactData [firstname=], ContactData [firstname=], ContactData [firstname=], ContactData [firstname=], ContactData [firstname=], ContactData [firstname=], ContactData [firstname=], ContactData [firstname=], ContactData [firstname=ff], ContactData [firstname=nge], ContactData [firstname=nge], ContactData [firstname=test-1026541242], ContactData [firstname=test-115355843], ContactData [firstname=test-1159262665], ContactData [firstname=test-1366006067], ContactData [firstname=test-1382347644], ContactData [firstname=test-1382347644], ContactData [firstname=test-1382347644], ContactData [firstname=test-1405584446], ContactData [firstname=test-1407268541], ContactData [firstname=test-1446079218], ContactData [firstname=test-1450073203], ContactData [firstname=test-1481721026], ContactData [firstname=test-1483220226], ContactData [firstname=test-1526558945], ContactData [firstname=test-1554199616], ContactData [firstname=test-1554199616], ContactData [firstname=test-1554199616], ContactData [firstname=test-1554199616], ContactData [firstname=test-1554199616], ContactData [firstname=test-1554199616], ContactData [firstname=test-1554199616], ContactData [firstname=test-1554199616], ContactData [firstname=test-1554199616], ContactData [firstname=test-1560182741], ContactData [firstname=test-1564597290], ContactData [firstname=test-1669524933], ContactData [firstname=test-1670113206], ContactData [firstname=test-1676940778], ContactData [firstname=test-1726405075], ContactData [firstname=test-1832269041], ContactData [firstname=test-1832269041], ContactData [firstname=test-1832269041], ContactData [firstname=test-1832269041], ContactData [firstname=test-1832269041], ContactData [firstname=test-1832269041], ContactData [firstname=test-1832269041], ContactData [firstname=test-1832269041], ContactData [firstname=test-1832269041], ContactData [firstname=test-1832269041], ContactData [firstname=test-1832269041], ContactData [firstname=test-1832269041], ContactData [firstname=test-1832269041], ContactData [firstname=test-1832269041], ContactData [firstname=test-1832269041], ContactData [firstname=test-1890661568], ContactData [firstname=test-1967949319], ContactData [firstname=test-1985556053], ContactData [firstname=test-2014355755], ContactData [firstname=test-2060808412], ContactData [firstname=test-2085580682], ContactData [firstname=test-2085580682], ContactData [firstname=test-2085580682], ContactData [firstname=test-2100818344], ContactData [firstname=test-210088435], ContactData [firstname=test-2103875376], ContactData [firstname=test-2106009439], ContactData [firstname=test-2106986598], ContactData [firstname=test-2140301651], ContactData [firstname=test-214498748], ContactData [firstname=test-261632808], ContactData [firstname=test-303786653], ContactData [firstname=test-369197831], ContactData [firstname=test-369197831], ContactData [firstname=test-369197831], ContactData [firstname=test-377432173], ContactData [firstname=test-399975013], ContactData [firstname=test-431049103], ContactData [firstname=test-447111317], ContactData [firstname=test-4799080], ContactData [firstname=test-508321451], ContactData [firstname=test-510518985], ContactData [firstname=test-58248538], ContactData [firstname=test-616040920], ContactData [firstname=test-622818001], ContactData [firstname=test-628592392], ContactData [firstname=test-645489889], ContactData [firstname=test-646348042], ContactData [firstname=test-660890459], ContactData [firstname=test-660890459], ContactData [firstname=test-660890459], ContactData [firstname=test-701995673], ContactData [firstname=test-731599653], ContactData [firstname=test-762283220], ContactData [firstname=test-805430154], ContactData [firstname=test-864151823], ContactData [firstname=test-903129249], ContactData [firstname=test1007986375], ContactData [firstname=test1038039150], ContactData [firstname=test1058309585], ContactData [firstname=test1115037537], ContactData [firstname=test1116051858], ContactData [firstname=test1149387957], ContactData [firstname=test114997939], ContactData [firstname=test116488549], ContactData [firstname=test1180986818], ContactData [firstname=test1243606793], ContactData [firstname=test1268189702], ContactData [firstname=test1272285966], ContactData [firstname=test1339087730], ContactData [firstname=test1465153789], ContactData [firstname=test1468935941], ContactData [firstname=test1549466889], ContactData [firstname=test1652381210], ContactData [firstname=test1680356584], ContactData [firstname=test1724147128], ContactData [firstname=test1747707953], ContactData [firstname=test1901419731], ContactData [firstname=test1901419731], ContactData [firstname=test1901419731], ContactData [firstname=test2069375177], ContactData [firstname=test2140716310], ContactData [firstname=test221106277], ContactData [firstname=test223855190], ContactData [firstname=test253546183], ContactData [firstname=test322385526], ContactData [firstname=test351653400], ContactData [firstname=test359554411], ContactData [firstname=test388287634], ContactData [firstname=test391601277], ContactData [firstname=test398237623], ContactData [firstname=test406778220], ContactData [firstname=test475460205], ContactData [firstname=test517907398], ContactData [firstname=test518263849], ContactData [firstname=test554630965], ContactData [firstname=test560759461], ContactData [firstname=test62152744], ContactData [firstname=test640976752], ContactData [firstname=test644135212], ContactData [firstname=test668083660], ContactData [firstname=test690655779], ContactData [firstname=test69330677], ContactData [firstname=test746390657], ContactData [firstname=test751993451], ContactData [firstname=test751993451], ContactData [firstname=test751993451], ContactData [firstname=test76647629], ContactData [firstname=test785605823], ContactData [firstname=test86452833]]]]><![CDATA[>
	at org.hamcrest.MatcherAssert.assertThat(MatcherAssert.java:20)
	at org.junit.Assert.assertThat(Assert.java:865)
	at org.junit.Assert.assertThat(Assert.java:832)
	at com.example.tests.ContactRemovalTests.deleteSomeContact(ContactRemovalTests.java:42)
	at sun.reflect.NativeMethodAccessorImpl.invoke0(Native Method)
	at sun.reflect.NativeMethodAccessorImpl.invoke(Unknown Source)
	at sun.reflect.DelegatingMethodAccessorImpl.invoke(Unknown Source)
	at java.lang.reflect.Method.invoke(Unknown Source)
	at org.testng.internal.MethodInvocationHelper.invokeMethod(MethodInvocationHelper.java:84)
	at org.testng.internal.Invoker.invokeMethod(Invoker.java:714)
	at org.testng.internal.Invoker.invokeTestMethod(Invoker.java:901)
	at org.testng.internal.Invoker.invokeTestMethods(Invoker.java:1231)
	at org.testng.internal.TestMethodWorker.invokeTestMethods(TestMethodWorker.java:127)
	at org.testng.internal.TestMethodWorker.run(TestMethodWorker.java:111)
	at org.testng.TestRunner.privateRun(TestRunner.java:767)
	at org.testng.TestRunner.run(TestRunner.java:617)
	at org.testng.SuiteRunner.runTest(SuiteRunner.java:334)
	at org.testng.SuiteRunner.runSequentially(SuiteRunner.java:329)
	at org.testng.SuiteRunner.privateRun(SuiteRunner.java:291)
	at org.testng.SuiteRunner.run(SuiteRunner.java:240)
	at org.testng.SuiteRunnerWorker.runSuite(SuiteRunnerWorker.java:52)
	at org.testng.SuiteRunnerWorker.run(SuiteRunnerWorker.java:86)
	at org.testng.TestNG.runSuitesSequentially(TestNG.java:1224)
	at org.testng.TestNG.runSuitesLocally(TestNG.java:1149)
	at org.testng.TestNG.run(TestNG.java:1057)
	at org.testng.remote.RemoteTestNG.run(RemoteTestNG.java:111)
	at org.testng.remote.RemoteTestNG.initAndRun(RemoteTestNG.java:204)
	at org.testng.remote.RemoteTestNG.main(RemoteTestNG.java:175)
]]>
    </error>
  </testcase> <!-- deleteSomeContact -->
</testsuite> <!-- com.example.tests.ContactRemovalTests -->
